{"contracts/abstract/JBControllerUtility.sol":{"l":{"12":0,"13":0,"26":0},"path":"/Users/teddywilson/Dev/juice/juice-contracts-v2/contracts/abstract/JBControllerUtility.sol","s":{"1":0,"2":0},"b":{"1":[0,0]},"f":{"1":0,"2":0},"fnMap":{"1":{"name":"onlyController","line":11,"loc":{"start":{"line":11,"column":2},"end":{"line":14,"column":2}}},"2":{"name":"constructor","line":25,"loc":{"start":{"line":25,"column":2},"end":{"line":27,"column":2}}}},"statementMap":{"1":{"start":{"line":12,"column":4},"end":{"line":12,"column":91}},"2":{"start":{"line":26,"column":4},"end":{"line":26,"column":25}}},"branchMap":{"1":{"line":12,"type":"if","locations":[{"start":{"line":12,"column":4},"end":{"line":12,"column":4}},{"start":{"line":12,"column":4},"end":{"line":12,"column":4}}]}}},"contracts/abstract/JBOperatable.sol":{"l":{"16":0,"22":0,"31":0,"38":0,"51":0},"path":"/Users/teddywilson/Dev/juice/juice-contracts-v2/contracts/abstract/JBOperatable.sol","s":{"1":0,"2":0,"3":0},"b":{"1":[0,0],"2":[0,0]},"f":{"1":0,"2":0,"3":0},"fnMap":{"1":{"name":"requirePermission","line":11,"loc":{"start":{"line":11,"column":2},"end":{"line":23,"column":2}}},"2":{"name":"requirePermissionAllowingOverride","line":25,"loc":{"start":{"line":25,"column":2},"end":{"line":39,"column":2}}},"3":{"name":"constructor","line":50,"loc":{"start":{"line":50,"column":2},"end":{"line":52,"column":2}}}},"statementMap":{"1":{"start":{"line":16,"column":4},"end":{"line":16,"column":374}},"2":{"start":{"line":31,"column":4},"end":{"line":31,"column":783}},"3":{"start":{"line":51,"column":4},"end":{"line":51,"column":33}}},"branchMap":{"1":{"line":16,"type":"if","locations":[{"start":{"line":16,"column":4},"end":{"line":16,"column":4}},{"start":{"line":16,"column":4},"end":{"line":16,"column":4}}]},"2":{"line":31,"type":"if","locations":[{"start":{"line":31,"column":4},"end":{"line":31,"column":4}},{"start":{"line":31,"column":4},"end":{"line":31,"column":4}}]}}},"contracts/abstract/JBProject.sol":{"l":{"27":0,"28":0,"35":0,"43":0,"58":0,"77":0,"79":0,"82":0,"85":0,"91":0,"94":0,"113":0,"116":0,"119":0,"121":0},"path":"/Users/teddywilson/Dev/juice/juice-contracts-v2/contracts/abstract/JBProject.sol","s":{"1":0,"2":0,"3":0,"4":0,"5":0,"6":0,"7":0,"8":0,"9":0,"10":0,"11":0,"12":0,"13":0,"14":0},"b":{"1":[0,0],"2":[0,0],"3":[0,0],"4":[0,0],"5":[0,0]},"f":{"1":0,"2":0,"3":0,"4":0,"5":0},"fnMap":{"1":{"name":"constructor","line":26,"loc":{"start":{"line":26,"column":2},"end":{"line":29,"column":2}}},"2":{"name":"setProjectId","line":42,"loc":{"start":{"line":42,"column":2},"end":{"line":44,"column":2}}},"3":{"name":"pay","line":52,"loc":{"start":{"line":52,"column":2},"end":{"line":59,"column":2}}},"4":{"name":"_fundTreasury","line":69,"loc":{"start":{"line":69,"column":2},"end":{"line":102,"column":2}}},"5":{"name":"_pay","line":107,"loc":{"start":{"line":107,"column":2},"end":{"line":129,"column":2}}}},"statementMap":{"1":{"start":{"line":27,"column":4},"end":{"line":27,"column":25}},"2":{"start":{"line":28,"column":4},"end":{"line":28,"column":25}},"3":{"start":{"line":43,"column":4},"end":{"line":43,"column":25}},"4":{"start":{"line":58,"column":4},"end":{"line":58,"column":58}},"5":{"start":{"line":77,"column":4},"end":{"line":77,"column":55}},"6":{"start":{"line":79,"column":4},"end":{"line":79,"column":80}},"7":{"start":{"line":82,"column":4},"end":{"line":82,"column":75}},"8":{"start":{"line":85,"column":4},"end":{"line":85,"column":3008}},"9":{"start":{"line":91,"column":4},"end":{"line":91,"column":98}},"10":{"start":{"line":94,"column":4},"end":{"line":94,"column":3336}},"11":{"start":{"line":113,"column":4},"end":{"line":113,"column":70}},"12":{"start":{"line":116,"column":4},"end":{"line":116,"column":74}},"13":{"start":{"line":119,"column":4},"end":{"line":119,"column":93}},"14":{"start":{"line":121,"column":4},"end":{"line":121,"column":4015}}},"branchMap":{"1":{"line":79,"type":"if","locations":[{"start":{"line":79,"column":4},"end":{"line":79,"column":4}},{"start":{"line":79,"column":4},"end":{"line":79,"column":4}}]},"2":{"line":85,"type":"if","locations":[{"start":{"line":85,"column":4},"end":{"line":85,"column":4}},{"start":{"line":85,"column":4},"end":{"line":85,"column":4}}]},"3":{"line":91,"type":"if","locations":[{"start":{"line":91,"column":4},"end":{"line":91,"column":4}},{"start":{"line":91,"column":4},"end":{"line":91,"column":4}}]},"4":{"line":113,"type":"if","locations":[{"start":{"line":113,"column":4},"end":{"line":113,"column":4}},{"start":{"line":113,"column":4},"end":{"line":113,"column":4}}]},"5":{"line":119,"type":"if","locations":[{"start":{"line":119,"column":4},"end":{"line":119,"column":4}},{"start":{"line":119,"column":4},"end":{"line":119,"column":4}}]}}},"contracts/abstract/JBTerminalUtility.sol":{"l":{"12":0,"13":0,"26":0},"path":"/Users/teddywilson/Dev/juice/juice-contracts-v2/contracts/abstract/JBTerminalUtility.sol","s":{"1":0,"2":0},"b":{"1":[0,0]},"f":{"1":0,"2":0},"fnMap":{"1":{"name":"onlyTerminal","line":11,"loc":{"start":{"line":11,"column":2},"end":{"line":14,"column":2}}},"2":{"name":"constructor","line":25,"loc":{"start":{"line":25,"column":2},"end":{"line":27,"column":2}}}},"statementMap":{"1":{"start":{"line":12,"column":4},"end":{"line":12,"column":88}},"2":{"start":{"line":26,"column":4},"end":{"line":26,"column":25}}},"branchMap":{"1":{"line":12,"type":"if","locations":[{"start":{"line":12,"column":4},"end":{"line":12,"column":4}},{"start":{"line":12,"column":4},"end":{"line":12,"column":4}}]}}},"contracts/enums/JBBallotState.sol":{"l":{},"path":"/Users/teddywilson/Dev/juice/juice-contracts-v2/contracts/enums/JBBallotState.sol","s":{},"b":{},"f":{},"fnMap":{},"statementMap":{},"branchMap":{}},"contracts/interfaces/IJBController.sol":{"l":{},"path":"/Users/teddywilson/Dev/juice/juice-contracts-v2/contracts/interfaces/IJBController.sol","s":{},"b":{},"f":{},"fnMap":{},"statementMap":{},"branchMap":{}},"contracts/interfaces/IJBControllerUtility.sol":{"l":{},"path":"/Users/teddywilson/Dev/juice/juice-contracts-v2/contracts/interfaces/IJBControllerUtility.sol","s":{},"b":{},"f":{},"fnMap":{},"statementMap":{},"branchMap":{}},"contracts/interfaces/IJBDirectory.sol":{"l":{},"path":"/Users/teddywilson/Dev/juice/juice-contracts-v2/contracts/interfaces/IJBDirectory.sol","s":{},"b":{},"f":{},"fnMap":{},"statementMap":{},"branchMap":{}},"contracts/interfaces/IJBETHPaymentTerminal.sol":{"l":{},"path":"/Users/teddywilson/Dev/juice/juice-contracts-v2/contracts/interfaces/IJBETHPaymentTerminal.sol","s":{},"b":{},"f":{},"fnMap":{},"statementMap":{},"branchMap":{}},"contracts/interfaces/IJBFundingCycleBallot.sol":{"l":{},"path":"/Users/teddywilson/Dev/juice/juice-contracts-v2/contracts/interfaces/IJBFundingCycleBallot.sol","s":{},"b":{},"f":{},"fnMap":{},"statementMap":{},"branchMap":{}},"contracts/interfaces/IJBFundingCycleDataSource.sol":{"l":{},"path":"/Users/teddywilson/Dev/juice/juice-contracts-v2/contracts/interfaces/IJBFundingCycleDataSource.sol","s":{},"b":{},"f":{},"fnMap":{},"statementMap":{},"branchMap":{}},"contracts/interfaces/IJBFundingCycleStore.sol":{"l":{},"path":"/Users/teddywilson/Dev/juice/juice-contracts-v2/contracts/interfaces/IJBFundingCycleStore.sol","s":{},"b":{},"f":{},"fnMap":{},"statementMap":{},"branchMap":{}},"contracts/interfaces/IJBOperatable.sol":{"l":{},"path":"/Users/teddywilson/Dev/juice/juice-contracts-v2/contracts/interfaces/IJBOperatable.sol","s":{},"b":{},"f":{},"fnMap":{},"statementMap":{},"branchMap":{}},"contracts/interfaces/IJBOperatorStore.sol":{"l":{},"path":"/Users/teddywilson/Dev/juice/juice-contracts-v2/contracts/interfaces/IJBOperatorStore.sol","s":{},"b":{},"f":{},"fnMap":{},"statementMap":{},"branchMap":{}},"contracts/interfaces/IJBPayDelegate.sol":{"l":{},"path":"/Users/teddywilson/Dev/juice/juice-contracts-v2/contracts/interfaces/IJBPayDelegate.sol","s":{},"b":{},"f":{},"fnMap":{},"statementMap":{},"branchMap":{}},"contracts/interfaces/IJBPrices.sol":{"l":{},"path":"/Users/teddywilson/Dev/juice/juice-contracts-v2/contracts/interfaces/IJBPrices.sol","s":{},"b":{},"f":{},"fnMap":{},"statementMap":{},"branchMap":{}},"contracts/interfaces/IJBProjects.sol":{"l":{},"path":"/Users/teddywilson/Dev/juice/juice-contracts-v2/contracts/interfaces/IJBProjects.sol","s":{},"b":{},"f":{},"fnMap":{},"statementMap":{},"branchMap":{}},"contracts/interfaces/IJBRedemptionDelegate.sol":{"l":{},"path":"/Users/teddywilson/Dev/juice/juice-contracts-v2/contracts/interfaces/IJBRedemptionDelegate.sol","s":{},"b":{},"f":{},"fnMap":{},"statementMap":{},"branchMap":{}},"contracts/interfaces/IJBSplitAllocator.sol":{"l":{},"path":"/Users/teddywilson/Dev/juice/juice-contracts-v2/contracts/interfaces/IJBSplitAllocator.sol","s":{},"b":{},"f":{},"fnMap":{},"statementMap":{},"branchMap":{}},"contracts/interfaces/IJBSplitsStore.sol":{"l":{},"path":"/Users/teddywilson/Dev/juice/juice-contracts-v2/contracts/interfaces/IJBSplitsStore.sol","s":{},"b":{},"f":{},"fnMap":{},"statementMap":{},"branchMap":{}},"contracts/interfaces/IJBTerminal.sol":{"l":{},"path":"/Users/teddywilson/Dev/juice/juice-contracts-v2/contracts/interfaces/IJBTerminal.sol","s":{},"b":{},"f":{},"fnMap":{},"statementMap":{},"branchMap":{}},"contracts/interfaces/IJBTerminalUtility.sol":{"l":{},"path":"/Users/teddywilson/Dev/juice/juice-contracts-v2/contracts/interfaces/IJBTerminalUtility.sol","s":{},"b":{},"f":{},"fnMap":{},"statementMap":{},"branchMap":{}},"contracts/interfaces/IJBToken.sol":{"l":{},"path":"/Users/teddywilson/Dev/juice/juice-contracts-v2/contracts/interfaces/IJBToken.sol","s":{},"b":{},"f":{},"fnMap":{},"statementMap":{},"branchMap":{}},"contracts/interfaces/IJBTokenStore.sol":{"l":{},"path":"/Users/teddywilson/Dev/juice/juice-contracts-v2/contracts/interfaces/IJBTokenStore.sol","s":{},"b":{},"f":{},"fnMap":{},"statementMap":{},"branchMap":{}},"contracts/interfaces/IJBVault.sol":{"l":{},"path":"/Users/teddywilson/Dev/juice/juice-contracts-v2/contracts/interfaces/IJBVault.sol","s":{},"b":{},"f":{},"fnMap":{},"statementMap":{},"branchMap":{}},"contracts/JBController.sol":{"l":{"197":0,"225":0,"226":0,"227":0,"228":0,"297":0,"300":0,"303":0,"306":0,"309":0,"311":0,"314":0,"376":0,"379":0,"382":0,"384":0,"411":0,"435":0,"438":0,"441":0,"480":0,"483":0,"486":0,"489":0,"494":0,"496":0,"501":0,"504":0,"506":0,"508":0,"513":0,"547":0,"550":0,"553":0,"559":0,"564":0,"566":0,"583":0,"594":0,"597":0,"616":0,"619":0,"622":0,"625":0,"626":0,"629":0,"632":0,"634":0,"650":0,"653":0,"656":0,"663":0,"666":0,"669":0,"674":0,"676":0,"704":0,"707":0,"714":0,"716":0,"719":0,"722":0,"723":0,"736":0,"737":0,"747":0,"750":0,"777":0,"782":0,"785":0,"787":0,"807":0,"813":0,"815":0,"816":0,"824":0,"825":0,"828":0,"829":0,"834":0,"835":0,"839":0,"840":0,"843":0,"852":0},"path":"/Users/teddywilson/Dev/juice/juice-contracts-v2/contracts/JBController.sol","s":{"1":0,"2":0,"3":0,"4":0,"5":0,"6":0,"7":0,"8":0,"9":0,"10":0,"11":0,"12":0,"13":0,"14":0,"15":0,"16":0,"17":0,"18":0,"19":0,"20":0,"21":0,"22":0,"23":0,"24":0,"25":0,"26":0,"27":0,"28":0,"29":0,"30":0,"31":0,"32":0,"33":0,"34":0,"35":0,"36":0,"37":0,"38":0,"39":0,"40":0,"41":0,"42":0,"43":0,"44":0,"45":0,"46":0,"47":0,"48":0,"49":0,"50":0,"51":0,"52":0,"53":0,"54":0,"55":0,"56":0,"57":0,"58":0,"59":0,"60":0,"61":0,"62":0,"63":0,"64":0,"65":0,"66":0,"67":0,"68":0,"69":0,"70":0,"71":0,"72":0,"73":0,"74":0,"75":0,"76":0,"77":0,"78":0,"79":0,"80":0,"81":0,"82":0,"83":0,"84":0,"85":0,"86":0,"87":0,"88":0,"89":0},"b":{"1":[0,0],"2":[0,0],"3":[0,0],"4":[0,0],"5":[0,0],"6":[0,0],"7":[0,0],"8":[0,0],"9":[0,0],"10":[0,0],"11":[0,0],"12":[0,0],"13":[0,0],"14":[0,0],"15":[0,0],"16":[0,0],"17":[0,0],"18":[0,0],"19":[0,0],"20":[0,0],"21":[0,0],"22":[0,0],"23":[0,0],"24":[0,0],"25":[0,0],"26":[0,0],"27":[0,0],"28":[0,0]},"f":{"1":0,"2":0,"3":0,"4":0,"5":0,"6":0,"7":0,"8":0,"9":0,"10":0,"11":0,"12":0,"13":0,"14":0,"15":0},"fnMap":{"1":{"name":"reservedTokenBalanceOf","line":191,"loc":{"start":{"line":191,"column":2},"end":{"line":203,"column":2}}},"2":{"name":"constructor","line":224,"loc":{"start":{"line":217,"column":2},"end":{"line":229,"column":2}}},"3":{"name":"launchProjectFor","line":286,"loc":{"start":{"line":286,"column":2},"end":{"line":315,"column":2}}},"4":{"name":"reconfigureFundingCyclesOf","line":372,"loc":{"start":{"line":364,"column":2},"end":{"line":385,"column":2}}},"5":{"name":"issueTokenFor","line":407,"loc":{"start":{"line":401,"column":2},"end":{"line":412,"column":2}}},"6":{"name":"changeTokenOf","line":432,"loc":{"start":{"line":425,"column":2},"end":{"line":442,"column":2}}},"7":{"name":"mintTokensOf","line":476,"loc":{"start":{"line":460,"column":2},"end":{"line":514,"column":2}}},"8":{"name":"burnTokensOf","line":544,"loc":{"start":{"line":529,"column":2},"end":{"line":567,"column":2}}},"9":{"name":"distributeReservedTokensOf","line":580,"loc":{"start":{"line":578,"column":2},"end":{"line":584,"column":2}}},"10":{"name":"prepForMigrationOf","line":592,"loc":{"start":{"line":592,"column":2},"end":{"line":598,"column":2}}},"11":{"name":"migrate","line":613,"loc":{"start":{"line":610,"column":2},"end":{"line":635,"column":2}}},"12":{"name":"_distributeReservedTokensOf","line":645,"loc":{"start":{"line":645,"column":2},"end":{"line":686,"column":2}}},"13":{"name":"_distributeToReservedTokenSplitsOf","line":698,"loc":{"start":{"line":698,"column":2},"end":{"line":759,"column":2}}},"14":{"name":"_reservedTokenAmountFrom","line":771,"loc":{"start":{"line":771,"column":2},"end":{"line":790,"column":2}}},"15":{"name":"_configure","line":799,"loc":{"start":{"line":799,"column":2},"end":{"line":853,"column":2}}}},"statementMap":{"1":{"start":{"line":197,"column":4},"end":{"line":197,"column":6920}},"2":{"start":{"line":225,"column":4},"end":{"line":225,"column":23}},"3":{"start":{"line":226,"column":4},"end":{"line":226,"column":41}},"4":{"start":{"line":227,"column":4},"end":{"line":227,"column":27}},"5":{"start":{"line":228,"column":4},"end":{"line":228,"column":29}},"6":{"start":{"line":297,"column":4},"end":{"line":297,"column":70}},"7":{"start":{"line":300,"column":4},"end":{"line":300,"column":74}},"8":{"start":{"line":303,"column":4},"end":{"line":303,"column":87}},"9":{"start":{"line":306,"column":4},"end":{"line":306,"column":64}},"10":{"start":{"line":309,"column":4},"end":{"line":309,"column":45}},"11":{"start":{"line":311,"column":4},"end":{"line":311,"column":82}},"12":{"start":{"line":314,"column":4},"end":{"line":314,"column":78}},"13":{"start":{"line":314,"column":31},"end":{"line":314,"column":77}},"14":{"start":{"line":376,"column":4},"end":{"line":376,"column":70}},"15":{"start":{"line":379,"column":4},"end":{"line":379,"column":74}},"16":{"start":{"line":382,"column":4},"end":{"line":382,"column":87}},"17":{"start":{"line":384,"column":4},"end":{"line":384,"column":91}},"18":{"start":{"line":411,"column":4},"end":{"line":411,"column":58}},"19":{"start":{"line":435,"column":4},"end":{"line":435,"column":81}},"20":{"start":{"line":438,"column":4},"end":{"line":438,"column":67}},"21":{"start":{"line":441,"column":4},"end":{"line":441,"column":54}},"22":{"start":{"line":480,"column":4},"end":{"line":480,"column":86}},"23":{"start":{"line":483,"column":4},"end":{"line":483,"column":42}},"24":{"start":{"line":486,"column":4},"end":{"line":486,"column":81}},"25":{"start":{"line":489,"column":4},"end":{"line":489,"column":24151}},"26":{"start":{"line":494,"column":4},"end":{"line":494,"column":24286}},"27":{"start":{"line":496,"column":6},"end":{"line":496,"column":24461}},"28":{"start":{"line":501,"column":6},"end":{"line":501,"column":86}},"29":{"start":{"line":504,"column":6},"end":{"line":504,"column":94}},"30":{"start":{"line":506,"column":6},"end":{"line":506,"column":24899}},"31":{"start":{"line":508,"column":8},"end":{"line":508,"column":25022}},"32":{"start":{"line":513,"column":4},"end":{"line":513,"column":92}},"33":{"start":{"line":547,"column":4},"end":{"line":547,"column":42}},"34":{"start":{"line":550,"column":4},"end":{"line":550,"column":81}},"35":{"start":{"line":553,"column":4},"end":{"line":553,"column":26473}},"36":{"start":{"line":559,"column":4},"end":{"line":559,"column":26718}},"37":{"start":{"line":564,"column":4},"end":{"line":564,"column":78}},"38":{"start":{"line":566,"column":4},"end":{"line":566,"column":72}},"39":{"start":{"line":583,"column":4},"end":{"line":583,"column":57}},"40":{"start":{"line":594,"column":4},"end":{"line":594,"column":69}},"41":{"start":{"line":597,"column":4},"end":{"line":597,"column":86}},"42":{"start":{"line":616,"column":4},"end":{"line":616,"column":69}},"43":{"start":{"line":619,"column":4},"end":{"line":619,"column":81}},"44":{"start":{"line":622,"column":4},"end":{"line":622,"column":75}},"45":{"start":{"line":625,"column":4},"end":{"line":625,"column":29072}},"46":{"start":{"line":626,"column":6},"end":{"line":626,"column":48}},"47":{"start":{"line":629,"column":4},"end":{"line":629,"column":43}},"48":{"start":{"line":632,"column":4},"end":{"line":632,"column":45}},"49":{"start":{"line":634,"column":4},"end":{"line":634,"column":45}},"50":{"start":{"line":650,"column":4},"end":{"line":650,"column":81}},"51":{"start":{"line":653,"column":4},"end":{"line":653,"column":63}},"52":{"start":{"line":656,"column":4},"end":{"line":656,"column":30215}},"53":{"start":{"line":663,"column":4},"end":{"line":663,"column":70}},"54":{"start":{"line":666,"column":4},"end":{"line":666,"column":49}},"55":{"start":{"line":669,"column":4},"end":{"line":669,"column":30782}},"56":{"start":{"line":674,"column":4},"end":{"line":674,"column":99}},"57":{"start":{"line":674,"column":33},"end":{"line":674,"column":98}},"58":{"start":{"line":676,"column":4},"end":{"line":676,"column":31001}},"59":{"start":{"line":704,"column":4},"end":{"line":704,"column":27}},"60":{"start":{"line":707,"column":4},"end":{"line":707,"column":31994}},"61":{"start":{"line":714,"column":4},"end":{"line":714,"column":32179}},"62":{"start":{"line":716,"column":6},"end":{"line":716,"column":41}},"63":{"start":{"line":719,"column":6},"end":{"line":719,"column":77}},"64":{"start":{"line":722,"column":6},"end":{"line":722,"column":32550}},"65":{"start":{"line":723,"column":8},"end":{"line":723,"column":32583}},"66":{"start":{"line":736,"column":8},"end":{"line":736,"column":33201}},"67":{"start":{"line":737,"column":10},"end":{"line":737,"column":33265}},"68":{"start":{"line":747,"column":8},"end":{"line":747,"column":52}},"69":{"start":{"line":750,"column":6},"end":{"line":750,"column":33628}},"70":{"start":{"line":777,"column":4},"end":{"line":777,"column":34517}},"71":{"start":{"line":782,"column":4},"end":{"line":782,"column":49}},"72":{"start":{"line":782,"column":41},"end":{"line":782,"column":49}},"73":{"start":{"line":785,"column":4},"end":{"line":785,"column":65}},"74":{"start":{"line":785,"column":32},"end":{"line":785,"column":65}},"75":{"start":{"line":787,"column":4},"end":{"line":787,"column":34926}},"76":{"start":{"line":807,"column":4},"end":{"line":807,"column":35544}},"77":{"start":{"line":813,"column":4},"end":{"line":813,"column":35734}},"78":{"start":{"line":815,"column":6},"end":{"line":815,"column":35869}},"79":{"start":{"line":816,"column":8},"end":{"line":816,"column":35918}},"80":{"start":{"line":824,"column":4},"end":{"line":824,"column":36129}},"81":{"start":{"line":825,"column":6},"end":{"line":825,"column":78}},"82":{"start":{"line":828,"column":6},"end":{"line":828,"column":36368}},"83":{"start":{"line":829,"column":8},"end":{"line":829,"column":36415}},"84":{"start":{"line":834,"column":6},"end":{"line":834,"column":36614}},"85":{"start":{"line":835,"column":8},"end":{"line":835,"column":36661}},"86":{"start":{"line":839,"column":6},"end":{"line":839,"column":36784}},"87":{"start":{"line":840,"column":8},"end":{"line":840,"column":36822}},"88":{"start":{"line":843,"column":6},"end":{"line":843,"column":36929}},"89":{"start":{"line":852,"column":4},"end":{"line":852,"column":38}}},"branchMap":{"1":{"line":297,"type":"if","locations":[{"start":{"line":297,"column":4},"end":{"line":297,"column":4}},{"start":{"line":297,"column":4},"end":{"line":297,"column":4}}]},"2":{"line":300,"type":"if","locations":[{"start":{"line":300,"column":4},"end":{"line":300,"column":4}},{"start":{"line":300,"column":4},"end":{"line":300,"column":4}}]},"3":{"line":303,"type":"if","locations":[{"start":{"line":303,"column":4},"end":{"line":303,"column":4}},{"start":{"line":303,"column":4},"end":{"line":303,"column":4}}]},"4":{"line":314,"type":"if","locations":[{"start":{"line":314,"column":4},"end":{"line":314,"column":4}},{"start":{"line":314,"column":4},"end":{"line":314,"column":4}}]},"5":{"line":376,"type":"if","locations":[{"start":{"line":376,"column":4},"end":{"line":376,"column":4}},{"start":{"line":376,"column":4},"end":{"line":376,"column":4}}]},"6":{"line":379,"type":"if","locations":[{"start":{"line":379,"column":4},"end":{"line":379,"column":4}},{"start":{"line":379,"column":4},"end":{"line":379,"column":4}}]},"7":{"line":382,"type":"if","locations":[{"start":{"line":382,"column":4},"end":{"line":382,"column":4}},{"start":{"line":382,"column":4},"end":{"line":382,"column":4}}]},"8":{"line":438,"type":"if","locations":[{"start":{"line":438,"column":4},"end":{"line":438,"column":4}},{"start":{"line":438,"column":4},"end":{"line":438,"column":4}}]},"9":{"line":480,"type":"if","locations":[{"start":{"line":480,"column":4},"end":{"line":480,"column":4}},{"start":{"line":480,"column":4},"end":{"line":480,"column":4}}]},"10":{"line":483,"type":"if","locations":[{"start":{"line":483,"column":4},"end":{"line":483,"column":4}},{"start":{"line":483,"column":4},"end":{"line":483,"column":4}}]},"11":{"line":489,"type":"if","locations":[{"start":{"line":489,"column":4},"end":{"line":489,"column":4}},{"start":{"line":489,"column":4},"end":{"line":489,"column":4}}]},"12":{"line":494,"type":"if","locations":[{"start":{"line":494,"column":4},"end":{"line":494,"column":4}},{"start":{"line":494,"column":4},"end":{"line":494,"column":4}}]},"13":{"line":506,"type":"if","locations":[{"start":{"line":506,"column":6},"end":{"line":506,"column":6}},{"start":{"line":506,"column":6},"end":{"line":506,"column":6}}]},"14":{"line":547,"type":"if","locations":[{"start":{"line":547,"column":4},"end":{"line":547,"column":4}},{"start":{"line":547,"column":4},"end":{"line":547,"column":4}}]},"15":{"line":553,"type":"if","locations":[{"start":{"line":553,"column":4},"end":{"line":553,"column":4}},{"start":{"line":553,"column":4},"end":{"line":553,"column":4}}]},"16":{"line":594,"type":"if","locations":[{"start":{"line":594,"column":4},"end":{"line":594,"column":4}},{"start":{"line":594,"column":4},"end":{"line":594,"column":4}}]},"17":{"line":616,"type":"if","locations":[{"start":{"line":616,"column":4},"end":{"line":616,"column":4}},{"start":{"line":616,"column":4},"end":{"line":616,"column":4}}]},"18":{"line":622,"type":"if","locations":[{"start":{"line":622,"column":4},"end":{"line":622,"column":4}},{"start":{"line":622,"column":4},"end":{"line":622,"column":4}}]},"19":{"line":625,"type":"if","locations":[{"start":{"line":625,"column":4},"end":{"line":625,"column":4}},{"start":{"line":625,"column":4},"end":{"line":625,"column":4}}]},"20":{"line":674,"type":"if","locations":[{"start":{"line":674,"column":4},"end":{"line":674,"column":4}},{"start":{"line":674,"column":4},"end":{"line":674,"column":4}}]},"21":{"line":722,"type":"if","locations":[{"start":{"line":722,"column":6},"end":{"line":722,"column":6}},{"start":{"line":722,"column":6},"end":{"line":722,"column":6}}]},"22":{"line":736,"type":"if","locations":[{"start":{"line":736,"column":8},"end":{"line":736,"column":8}},{"start":{"line":736,"column":8},"end":{"line":736,"column":8}}]},"23":{"line":782,"type":"if","locations":[{"start":{"line":782,"column":4},"end":{"line":782,"column":4}},{"start":{"line":782,"column":4},"end":{"line":782,"column":4}}]},"24":{"line":785,"type":"if","locations":[{"start":{"line":785,"column":4},"end":{"line":785,"column":4}},{"start":{"line":785,"column":4},"end":{"line":785,"column":4}}]},"25":{"line":815,"type":"if","locations":[{"start":{"line":815,"column":6},"end":{"line":815,"column":6}},{"start":{"line":815,"column":6},"end":{"line":815,"column":6}}]},"26":{"line":828,"type":"if","locations":[{"start":{"line":828,"column":6},"end":{"line":828,"column":6}},{"start":{"line":828,"column":6},"end":{"line":828,"column":6}}]},"27":{"line":834,"type":"if","locations":[{"start":{"line":834,"column":6},"end":{"line":834,"column":6}},{"start":{"line":834,"column":6},"end":{"line":834,"column":6}}]},"28":{"line":839,"type":"if","locations":[{"start":{"line":839,"column":6},"end":{"line":839,"column":6}},{"start":{"line":839,"column":6},"end":{"line":839,"column":6}}]}}},"contracts/JBDirectory.sol":{"l":{"70":0,"88":0,"89":0,"90":0,"108":0,"109":0,"110":0,"132":0,"133":0,"136":0,"137":0,"138":0,"142":0,"154":0,"186":0,"189":0,"192":0,"195":0,"198":0,"200":0,"223":0,"225":0,"228":0,"231":0,"233":0,"253":0,"256":0,"259":0,"261":0,"264":0,"265":0,"267":0,"287":0,"290":0,"293":0,"295":0},"path":"/Users/teddywilson/Dev/juice/juice-contracts-v2/contracts/JBDirectory.sol","s":{"1":0,"2":0,"3":0,"4":0,"5":0,"6":0,"7":0,"8":0,"9":0,"10":0,"11":0,"12":0,"13":0,"14":0,"15":0,"16":0,"17":0,"18":0,"19":0,"20":0,"21":0,"22":0,"23":0,"24":0,"25":0,"26":0,"27":0,"28":0,"29":0,"30":0,"31":0,"32":0,"33":0,"34":0,"35":0,"36":0,"37":0,"38":0,"39":0},"b":{"1":[0,0],"2":[0,0],"3":[0,0],"4":[0,0],"5":[0,0],"6":[0,0],"7":[0,0],"8":[0,0],"9":[0,0],"10":[0,0],"11":[0,0],"12":[0,0]},"f":{"1":0,"2":0,"3":0,"4":0,"5":0,"6":0,"7":0,"8":0,"9":0},"fnMap":{"1":{"name":"terminalsOf","line":69,"loc":{"start":{"line":69,"column":2},"end":{"line":71,"column":2}}},"2":{"name":"isTerminalOf","line":82,"loc":{"start":{"line":82,"column":2},"end":{"line":91,"column":2}}},"3":{"name":"isTerminalDelegateOf","line":102,"loc":{"start":{"line":102,"column":2},"end":{"line":111,"column":2}}},"4":{"name":"primaryTerminalOf","line":125,"loc":{"start":{"line":125,"column":2},"end":{"line":143,"column":2}}},"5":{"name":"constructor","line":153,"loc":{"start":{"line":153,"column":2},"end":{"line":155,"column":2}}},"6":{"name":"setControllerOf","line":183,"loc":{"start":{"line":174,"column":2},"end":{"line":201,"column":2}}},"7":{"name":"addTerminalsOf","line":221,"loc":{"start":{"line":213,"column":2},"end":{"line":235,"column":2}}},"8":{"name":"removeTerminalOf","line":250,"loc":{"start":{"line":247,"column":2},"end":{"line":268,"column":2}}},"9":{"name":"setPrimaryTerminalOf","line":284,"loc":{"start":{"line":281,"column":2},"end":{"line":296,"column":2}}}},"statementMap":{"1":{"start":{"line":70,"column":4},"end":{"line":70,"column":35}},"2":{"start":{"line":88,"column":4},"end":{"line":88,"column":3212}},"3":{"start":{"line":89,"column":6},"end":{"line":89,"column":64}},"4":{"start":{"line":89,"column":53},"end":{"line":89,"column":64}},"5":{"start":{"line":90,"column":4},"end":{"line":90,"column":16}},"6":{"start":{"line":108,"column":4},"end":{"line":108,"column":3851}},"7":{"start":{"line":109,"column":6},"end":{"line":109,"column":84}},"8":{"start":{"line":109,"column":73},"end":{"line":109,"column":84}},"9":{"start":{"line":110,"column":4},"end":{"line":110,"column":16}},"10":{"start":{"line":132,"column":4},"end":{"line":132,"column":4592}},"11":{"start":{"line":133,"column":6},"end":{"line":133,"column":51}},"12":{"start":{"line":136,"column":4},"end":{"line":136,"column":4742}},"13":{"start":{"line":137,"column":6},"end":{"line":137,"column":58}},"14":{"start":{"line":138,"column":6},"end":{"line":138,"column":55}},"15":{"start":{"line":138,"column":39},"end":{"line":138,"column":55}},"16":{"start":{"line":142,"column":4},"end":{"line":142,"column":34}},"17":{"start":{"line":154,"column":4},"end":{"line":154,"column":23}},"18":{"start":{"line":186,"column":4},"end":{"line":186,"column":63}},"19":{"start":{"line":189,"column":4},"end":{"line":189,"column":49}},"20":{"start":{"line":189,"column":43},"end":{"line":189,"column":49}},"21":{"start":{"line":192,"column":4},"end":{"line":192,"column":61}},"22":{"start":{"line":195,"column":4},"end":{"line":195,"column":74}},"23":{"start":{"line":198,"column":4},"end":{"line":198,"column":41}},"24":{"start":{"line":200,"column":4},"end":{"line":200,"column":59}},"25":{"start":{"line":223,"column":4},"end":{"line":223,"column":7833}},"26":{"start":{"line":225,"column":6},"end":{"line":225,"column":77}},"27":{"start":{"line":228,"column":6},"end":{"line":228,"column":60}},"28":{"start":{"line":231,"column":6},"end":{"line":231,"column":50}},"29":{"start":{"line":233,"column":6},"end":{"line":233,"column":62}},"30":{"start":{"line":253,"column":4},"end":{"line":253,"column":62}},"31":{"start":{"line":259,"column":4},"end":{"line":259,"column":9169}},"32":{"start":{"line":261,"column":6},"end":{"line":261,"column":84}},"33":{"start":{"line":261,"column":39},"end":{"line":261,"column":83}},"34":{"start":{"line":264,"column":4},"end":{"line":264,"column":9459}},"35":{"start":{"line":267,"column":4},"end":{"line":267,"column":58}},"36":{"start":{"line":287,"column":4},"end":{"line":287,"column":70}},"37":{"start":{"line":290,"column":4},"end":{"line":290,"column":38}},"38":{"start":{"line":293,"column":4},"end":{"line":293,"column":53}},"39":{"start":{"line":295,"column":4},"end":{"line":295,"column":70}}},"branchMap":{"1":{"line":89,"type":"if","locations":[{"start":{"line":89,"column":6},"end":{"line":89,"column":6}},{"start":{"line":89,"column":6},"end":{"line":89,"column":6}}]},"2":{"line":109,"type":"if","locations":[{"start":{"line":109,"column":6},"end":{"line":109,"column":6}},{"start":{"line":109,"column":6},"end":{"line":109,"column":6}}]},"3":{"line":132,"type":"if","locations":[{"start":{"line":132,"column":4},"end":{"line":132,"column":4}},{"start":{"line":132,"column":4},"end":{"line":132,"column":4}}]},"4":{"line":138,"type":"if","locations":[{"start":{"line":138,"column":6},"end":{"line":138,"column":6}},{"start":{"line":138,"column":6},"end":{"line":138,"column":6}}]},"5":{"line":189,"type":"if","locations":[{"start":{"line":189,"column":4},"end":{"line":189,"column":4}},{"start":{"line":189,"column":4},"end":{"line":189,"column":4}}]},"6":{"line":192,"type":"if","locations":[{"start":{"line":192,"column":4},"end":{"line":192,"column":4}},{"start":{"line":192,"column":4},"end":{"line":192,"column":4}}]},"7":{"line":195,"type":"if","locations":[{"start":{"line":195,"column":4},"end":{"line":195,"column":4}},{"start":{"line":195,"column":4},"end":{"line":195,"column":4}}]},"8":{"line":225,"type":"if","locations":[{"start":{"line":225,"column":6},"end":{"line":225,"column":6}},{"start":{"line":225,"column":6},"end":{"line":225,"column":6}}]},"9":{"line":228,"type":"if","locations":[{"start":{"line":228,"column":6},"end":{"line":228,"column":6}},{"start":{"line":228,"column":6},"end":{"line":228,"column":6}}]},"10":{"line":261,"type":"if","locations":[{"start":{"line":261,"column":6},"end":{"line":261,"column":6}},{"start":{"line":261,"column":6},"end":{"line":261,"column":6}}]},"11":{"line":264,"type":"if","locations":[{"start":{"line":264,"column":4},"end":{"line":264,"column":4}},{"start":{"line":264,"column":4},"end":{"line":264,"column":4}}]},"12":{"line":287,"type":"if","locations":[{"start":{"line":287,"column":4},"end":{"line":287,"column":4}},{"start":{"line":287,"column":4},"end":{"line":287,"column":4}}]}}},"contracts/JBETHPaymentTerminal.sol":{"l":{"117":0,"136":0,"153":0,"164":0,"187":0,"188":0,"189":0,"192":0,"194":0,"196":0,"225":0,"260":0,"269":0,"272":0,"277":0,"289":0,"297":0,"298":0,"300":0,"338":0,"347":0,"350":0,"355":0,"366":0,"368":0,"413":0,"416":0,"419":0,"430":0,"432":0,"462":0,"465":0,"467":0,"469":0,"471":0,"483":0,"486":0,"489":0,"491":0,"514":0,"517":0,"518":0,"525":0,"527":0,"541":0,"544":0,"546":0,"571":0,"574":0,"581":0,"583":0,"586":0,"588":0,"591":0,"592":0,"603":0,"606":0,"609":0,"610":0,"620":0,"631":0,"635":0,"638":0,"669":0,"672":0,"674":0,"693":0,"696":0,"715":0,"717":0,"718":0,"719":0,"722":0,"732":0,"754":0,"757":0,"760":0,"761":0,"762":0,"764":0,"766":0,"774":0},"path":"/Users/teddywilson/Dev/juice/juice-contracts-v2/contracts/JBETHPaymentTerminal.sol","s":{"1":0,"2":0,"3":0,"4":0,"5":0,"6":0,"7":0,"8":0,"9":0,"10":0,"11":0,"12":0,"13":0,"14":0,"15":0,"16":0,"17":0,"18":0,"19":0,"20":0,"21":0,"22":0,"23":0,"24":0,"25":0,"26":0,"27":0,"28":0,"29":0,"30":0,"31":0,"32":0,"33":0,"34":0,"35":0,"36":0,"37":0,"38":0,"39":0,"40":0,"41":0,"42":0,"43":0,"44":0,"45":0,"46":0,"47":0,"48":0,"49":0,"50":0,"51":0,"52":0,"53":0,"54":0,"55":0,"56":0,"57":0,"58":0,"59":0,"60":0,"61":0,"62":0,"63":0,"64":0,"65":0,"66":0,"67":0,"68":0,"69":0,"70":0,"71":0,"72":0,"73":0,"74":0,"75":0,"76":0,"77":0,"78":0,"79":0,"80":0,"81":0,"82":0,"83":0,"84":0},"b":{"1":[0,0],"2":[0,0],"3":[0,0],"4":[0,0],"5":[0,0],"6":[0,0],"7":[0,0],"8":[0,0],"9":[0,0],"10":[0,0],"11":[0,0],"12":[0,0],"13":[0,0],"14":[0,0],"15":[0,0],"16":[0,0]},"f":{"1":0,"2":0,"3":0,"4":0,"5":0,"6":0,"7":0,"8":0,"9":0,"10":0,"11":0,"12":0,"13":0,"14":0,"15":0,"16":0,"17":0,"18":0},"fnMap":{"1":{"name":"ethBalanceOf","line":115,"loc":{"start":{"line":115,"column":2},"end":{"line":118,"column":2}}},"2":{"name":"remainingDistributionLimitOf","line":130,"loc":{"start":{"line":130,"column":2},"end":{"line":142,"column":2}}},"3":{"name":"heldFeesOf","line":152,"loc":{"start":{"line":152,"column":2},"end":{"line":154,"column":2}}},"4":{"name":"delegate","line":162,"loc":{"start":{"line":162,"column":2},"end":{"line":165,"column":2}}},"5":{"name":"constructor","line":186,"loc":{"start":{"line":179,"column":2},"end":{"line":197,"column":2}}},"6":{"name":"pay","line":217,"loc":{"start":{"line":217,"column":2},"end":{"line":235,"column":2}}},"7":{"name":"distributePayoutsOf","line":258,"loc":{"start":{"line":252,"column":2},"end":{"line":312,"column":2}}},"8":{"name":"useAllowanceOf","line":335,"loc":{"start":{"line":325,"column":2},"end":{"line":378,"column":2}}},"9":{"name":"redeemTokensOf","line":409,"loc":{"start":{"line":397,"column":2},"end":{"line":443,"column":2}}},"10":{"name":"migrate","line":459,"loc":{"start":{"line":455,"column":2},"end":{"line":472,"column":2}}},"11":{"name":"addToBalanceOf","line":481,"loc":{"start":{"line":481,"column":2},"end":{"line":492,"column":2}}},"12":{"name":"processFees","line":511,"loc":{"start":{"line":503,"column":2},"end":{"line":528,"column":2}}},"13":{"name":"setFee","line":539,"loc":{"start":{"line":539,"column":2},"end":{"line":547,"column":2}}},"14":{"name":"_distributeToPayoutSplitsOf","line":564,"loc":{"start":{"line":564,"column":2},"end":{"line":647,"column":2}}},"15":{"name":"_takeFeeFrom","line":661,"loc":{"start":{"line":661,"column":2},"end":{"line":677,"column":2}}},"16":{"name":"_takeFee","line":687,"loc":{"start":{"line":687,"column":2},"end":{"line":699,"column":2}}},"17":{"name":"_pay","line":705,"loc":{"start":{"line":705,"column":2},"end":{"line":743,"column":2}}},"18":{"name":"_refundHeldFees","line":752,"loc":{"start":{"line":752,"column":2},"end":{"line":777,"column":2}}}},"statementMap":{"1":{"start":{"line":117,"column":4},"end":{"line":117,"column":38}},"2":{"start":{"line":136,"column":4},"end":{"line":136,"column":4726}},"3":{"start":{"line":153,"column":4},"end":{"line":153,"column":34}},"4":{"start":{"line":164,"column":4},"end":{"line":164,"column":25}},"5":{"start":{"line":187,"column":4},"end":{"line":187,"column":23}},"6":{"start":{"line":188,"column":4},"end":{"line":188,"column":25}},"7":{"start":{"line":189,"column":4},"end":{"line":189,"column":29}},"8":{"start":{"line":192,"column":4},"end":{"line":192,"column":24}},"9":{"start":{"line":194,"column":4},"end":{"line":194,"column":17}},"10":{"start":{"line":196,"column":4},"end":{"line":196,"column":28}},"11":{"start":{"line":225,"column":4},"end":{"line":225,"column":7918}},"12":{"start":{"line":260,"column":4},"end":{"line":260,"column":8935}},"13":{"start":{"line":269,"column":4},"end":{"line":269,"column":73}},"14":{"start":{"line":272,"column":4},"end":{"line":272,"column":51}},"15":{"start":{"line":277,"column":4},"end":{"line":277,"column":9719}},"16":{"start":{"line":289,"column":4},"end":{"line":289,"column":10135}},"17":{"start":{"line":297,"column":4},"end":{"line":297,"column":10467}},"18":{"start":{"line":298,"column":6},"end":{"line":298,"column":66}},"19":{"start":{"line":300,"column":4},"end":{"line":300,"column":10516}},"20":{"start":{"line":338,"column":4},"end":{"line":338,"column":11500}},"21":{"start":{"line":347,"column":4},"end":{"line":347,"column":73}},"22":{"start":{"line":350,"column":4},"end":{"line":350,"column":51}},"23":{"start":{"line":355,"column":4},"end":{"line":355,"column":12280}},"24":{"start":{"line":366,"column":4},"end":{"line":366,"column":65}},"25":{"start":{"line":368,"column":4},"end":{"line":368,"column":12646}},"26":{"start":{"line":413,"column":4},"end":{"line":413,"column":60}},"27":{"start":{"line":416,"column":4},"end":{"line":416,"column":39}},"28":{"start":{"line":419,"column":4},"end":{"line":419,"column":14392}},"29":{"start":{"line":430,"column":4},"end":{"line":430,"column":69}},"30":{"start":{"line":430,"column":25},"end":{"line":430,"column":68}},"31":{"start":{"line":432,"column":4},"end":{"line":432,"column":14724}},"32":{"start":{"line":462,"column":4},"end":{"line":462,"column":54}},"33":{"start":{"line":465,"column":4},"end":{"line":465,"column":56}},"34":{"start":{"line":467,"column":4},"end":{"line":467,"column":15752}},"35":{"start":{"line":469,"column":6},"end":{"line":469,"column":56}},"36":{"start":{"line":471,"column":4},"end":{"line":471,"column":55}},"37":{"start":{"line":483,"column":4},"end":{"line":483,"column":40}},"38":{"start":{"line":486,"column":4},"end":{"line":486,"column":53}},"39":{"start":{"line":489,"column":4},"end":{"line":489,"column":41}},"40":{"start":{"line":491,"column":4},"end":{"line":491,"column":63}},"41":{"start":{"line":514,"column":4},"end":{"line":514,"column":54}},"42":{"start":{"line":517,"column":4},"end":{"line":517,"column":17252}},"43":{"start":{"line":518,"column":6},"end":{"line":518,"column":17307}},"44":{"start":{"line":527,"column":4},"end":{"line":527,"column":55}},"45":{"start":{"line":541,"column":4},"end":{"line":541,"column":39}},"46":{"start":{"line":544,"column":4},"end":{"line":544,"column":13}},"47":{"start":{"line":546,"column":4},"end":{"line":546,"column":33}},"48":{"start":{"line":571,"column":4},"end":{"line":571,"column":27}},"49":{"start":{"line":574,"column":4},"end":{"line":574,"column":19093}},"50":{"start":{"line":581,"column":4},"end":{"line":581,"column":19273}},"51":{"start":{"line":583,"column":6},"end":{"line":583,"column":41}},"52":{"start":{"line":586,"column":6},"end":{"line":586,"column":79}},"53":{"start":{"line":588,"column":6},"end":{"line":588,"column":19589}},"54":{"start":{"line":591,"column":8},"end":{"line":591,"column":19737}},"55":{"start":{"line":592,"column":10},"end":{"line":592,"column":19806}},"56":{"start":{"line":601,"column":15},"end":{"line":601,"column":20139}},"57":{"start":{"line":603,"column":10},"end":{"line":603,"column":86}},"58":{"start":{"line":606,"column":10},"end":{"line":606,"column":73}},"59":{"start":{"line":609,"column":10},"end":{"line":609,"column":20546}},"60":{"start":{"line":610,"column":12},"end":{"line":610,"column":20585}},"61":{"start":{"line":620,"column":12},"end":{"line":620,"column":20830}},"62":{"start":{"line":631,"column":10},"end":{"line":631,"column":61}},"63":{"start":{"line":635,"column":8},"end":{"line":635,"column":54}},"64":{"start":{"line":638,"column":6},"end":{"line":638,"column":21352}},"65":{"start":{"line":669,"column":4},"end":{"line":669,"column":64}},"66":{"start":{"line":672,"column":4},"end":{"line":672,"column":32}},"67":{"start":{"line":672,"column":24},"end":{"line":672,"column":32}},"68":{"start":{"line":674,"column":4},"end":{"line":674,"column":22479}},"69":{"start":{"line":693,"column":4},"end":{"line":693,"column":65}},"70":{"start":{"line":696,"column":4},"end":{"line":696,"column":23265}},"71":{"start":{"line":715,"column":4},"end":{"line":715,"column":60}},"72":{"start":{"line":717,"column":4},"end":{"line":717,"column":39}},"73":{"start":{"line":718,"column":4},"end":{"line":718,"column":19}},"74":{"start":{"line":719,"column":4},"end":{"line":719,"column":23}},"75":{"start":{"line":722,"column":4},"end":{"line":722,"column":23956}},"76":{"start":{"line":732,"column":4},"end":{"line":732,"column":24217}},"77":{"start":{"line":754,"column":4},"end":{"line":754,"column":54}},"78":{"start":{"line":760,"column":4},"end":{"line":760,"column":24897}},"79":{"start":{"line":761,"column":6},"end":{"line":761,"column":24957}},"80":{"start":{"line":762,"column":8},"end":{"line":762,"column":50}},"81":{"start":{"line":763,"column":13},"end":{"line":763,"column":25043}},"82":{"start":{"line":764,"column":8},"end":{"line":764,"column":47}},"83":{"start":{"line":766,"column":8},"end":{"line":766,"column":25157}},"84":{"start":{"line":774,"column":8},"end":{"line":774,"column":18}}},"branchMap":{"1":{"line":297,"type":"if","locations":[{"start":{"line":297,"column":4},"end":{"line":297,"column":4}},{"start":{"line":297,"column":4},"end":{"line":297,"column":4}}]},"2":{"line":413,"type":"if","locations":[{"start":{"line":413,"column":4},"end":{"line":413,"column":4}},{"start":{"line":413,"column":4},"end":{"line":413,"column":4}}]},"3":{"line":430,"type":"if","locations":[{"start":{"line":430,"column":4},"end":{"line":430,"column":4}},{"start":{"line":430,"column":4},"end":{"line":430,"column":4}}]},"4":{"line":462,"type":"if","locations":[{"start":{"line":462,"column":4},"end":{"line":462,"column":4}},{"start":{"line":462,"column":4},"end":{"line":462,"column":4}}]},"5":{"line":467,"type":"if","locations":[{"start":{"line":467,"column":4},"end":{"line":467,"column":4}},{"start":{"line":467,"column":4},"end":{"line":467,"column":4}}]},"6":{"line":483,"type":"if","locations":[{"start":{"line":483,"column":4},"end":{"line":483,"column":4}},{"start":{"line":483,"column":4},"end":{"line":483,"column":4}}]},"7":{"line":541,"type":"if","locations":[{"start":{"line":541,"column":4},"end":{"line":541,"column":4}},{"start":{"line":541,"column":4},"end":{"line":541,"column":4}}]},"8":{"line":588,"type":"if","locations":[{"start":{"line":588,"column":6},"end":{"line":588,"column":6}},{"start":{"line":588,"column":6},"end":{"line":588,"column":6}}]},"9":{"line":591,"type":"if","locations":[{"start":{"line":591,"column":8},"end":{"line":591,"column":8}},{"start":{"line":591,"column":8},"end":{"line":591,"column":8}}]},"10":{"line":601,"type":"if","locations":[{"start":{"line":601,"column":15},"end":{"line":601,"column":15}},{"start":{"line":601,"column":15},"end":{"line":601,"column":15}}]},"11":{"line":606,"type":"if","locations":[{"start":{"line":606,"column":10},"end":{"line":606,"column":10}},{"start":{"line":606,"column":10},"end":{"line":606,"column":10}}]},"12":{"line":609,"type":"if","locations":[{"start":{"line":609,"column":10},"end":{"line":609,"column":10}},{"start":{"line":609,"column":10},"end":{"line":609,"column":10}}]},"13":{"line":672,"type":"if","locations":[{"start":{"line":672,"column":4},"end":{"line":672,"column":4}},{"start":{"line":672,"column":4},"end":{"line":672,"column":4}}]},"14":{"line":715,"type":"if","locations":[{"start":{"line":715,"column":4},"end":{"line":715,"column":4}},{"start":{"line":715,"column":4},"end":{"line":715,"column":4}}]},"15":{"line":761,"type":"if","locations":[{"start":{"line":761,"column":6},"end":{"line":761,"column":6}},{"start":{"line":761,"column":6},"end":{"line":761,"column":6}}]},"16":{"line":763,"type":"if","locations":[{"start":{"line":763,"column":13},"end":{"line":763,"column":13}},{"start":{"line":763,"column":13},"end":{"line":763,"column":13}}]}}},"contracts/JBETHPaymentTerminalStore.sol":{"l":{"35":0,"36":0,"129":0,"131":0,"144":0,"146":0,"165":0,"186":0,"187":0,"188":0,"189":0,"190":0,"243":0,"246":0,"249":0,"252":0,"255":0,"256":0,"269":0,"270":0,"274":0,"277":0,"279":0,"280":0,"290":0,"293":0,"294":0,"304":0,"305":0,"335":0,"338":0,"341":0,"352":0,"356":0,"368":0,"373":0,"376":0,"379":0,"382":0,"408":0,"411":0,"423":0,"428":0,"440":0,"443":0,"446":0,"451":0,"491":0,"494":0,"497":0,"500":0,"503":0,"504":0,"516":0,"517":0,"521":0,"524":0,"527":0,"528":0,"537":0,"540":0,"541":0,"550":0,"551":0,"573":0,"576":0,"593":0,"596":0,"599":0,"602":0,"611":0,"614":0,"632":0,"637":0,"640":0,"643":0,"649":0,"652":0,"655":0,"661":0,"664":0,"667":0,"668":0,"694":0,"697":0,"700":0,"707":0,"714":0,"721":0,"742":0,"745":0,"746":0,"748":0,"749":0,"752":0,"759":0,"766":0,"781":0},"path":"/Users/teddywilson/Dev/juice/juice-contracts-v2/contracts/JBETHPaymentTerminalStore.sol","s":{"1":0,"2":0,"3":0,"4":0,"5":0,"6":0,"7":0,"8":0,"9":0,"10":0,"11":0,"12":0,"13":0,"14":0,"15":0,"16":0,"17":0,"18":0,"19":0,"20":0,"21":0,"22":0,"23":0,"24":0,"25":0,"26":0,"27":0,"28":0,"29":0,"30":0,"31":0,"32":0,"33":0,"34":0,"35":0,"36":0,"37":0,"38":0,"39":0,"40":0,"41":0,"42":0,"43":0,"44":0,"45":0,"46":0,"47":0,"48":0,"49":0,"50":0,"51":0,"52":0,"53":0,"54":0,"55":0,"56":0,"57":0,"58":0,"59":0,"60":0,"61":0,"62":0,"63":0,"64":0,"65":0,"66":0,"67":0,"68":0,"69":0,"70":0,"71":0,"72":0,"73":0,"74":0,"75":0,"76":0,"77":0,"78":0,"79":0,"80":0,"81":0,"82":0,"83":0,"84":0,"85":0,"86":0,"87":0,"88":0,"89":0,"90":0,"91":0,"92":0,"93":0,"94":0,"95":0,"96":0,"97":0,"98":0,"99":0,"100":0,"101":0,"102":0,"103":0,"104":0,"105":0},"b":{"1":[0,0],"2":[0,0],"3":[0,0],"4":[0,0],"5":[0,0],"6":[0,0],"7":[0,0],"8":[0,0],"9":[0,0],"10":[0,0],"11":[0,0],"12":[0,0],"13":[0,0],"14":[0,0],"15":[0,0],"16":[0,0],"17":[0,0],"18":[0,0],"19":[0,0],"20":[0,0],"21":[0,0],"22":[0,0],"23":[0,0],"24":[0,0],"25":[0,0],"26":[0,0],"27":[0,0],"28":[0,0],"29":[0,0],"30":[0,0],"31":[0,0],"32":[0,0],"33":[0,0]},"f":{"1":0,"2":0,"3":0,"4":0,"5":0,"6":0,"7":0,"8":0,"9":0,"10":0,"11":0,"12":0,"13":0,"14":0,"15":0},"fnMap":{"1":{"name":"onlyAssociatedPaymentTerminal","line":34,"loc":{"start":{"line":34,"column":2},"end":{"line":37,"column":2}}},"2":{"name":"currentOverflowOf","line":127,"loc":{"start":{"line":127,"column":2},"end":{"line":132,"column":2}}},"3":{"name":"currentTotalOverflowOf","line":142,"loc":{"start":{"line":142,"column":2},"end":{"line":147,"column":2}}},"4":{"name":"claimableOverflowOf","line":160,"loc":{"start":{"line":160,"column":2},"end":{"line":166,"column":2}}},"5":{"name":"constructor","line":179,"loc":{"start":{"line":179,"column":2},"end":{"line":191,"column":2}}},"6":{"name":"recordPaymentFrom","line":234,"loc":{"start":{"line":224,"column":2},"end":{"line":307,"column":2}}},"7":{"name":"recordDistributionFor","line":331,"loc":{"start":{"line":324,"column":2},"end":{"line":383,"column":2}}},"8":{"name":"recordUsedAllowanceOf","line":404,"loc":{"start":{"line":397,"column":2},"end":{"line":452,"column":2}}},"9":{"name":"recordRedemptionFor","line":483,"loc":{"start":{"line":473,"column":2},"end":{"line":553,"column":2}}},"10":{"name":"recordAddedBalanceFor","line":569,"loc":{"start":{"line":567,"column":2},"end":{"line":577,"column":2}}},"11":{"name":"recordMigration","line":589,"loc":{"start":{"line":587,"column":2},"end":{"line":603,"column":2}}},"12":{"name":"claimFor","line":609,"loc":{"start":{"line":609,"column":2},"end":{"line":615,"column":2}}},"13":{"name":"_claimableOverflowOf","line":625,"loc":{"start":{"line":625,"column":2},"end":{"line":674,"column":2}}},"14":{"name":"_overflowDuring","line":688,"loc":{"start":{"line":688,"column":2},"end":{"line":722,"column":2}}},"15":{"name":"_totalOverflowDuring","line":736,"loc":{"start":{"line":736,"column":2},"end":{"line":785,"column":2}}}},"statementMap":{"1":{"start":{"line":35,"column":4},"end":{"line":35,"column":65}},"2":{"start":{"line":129,"column":4},"end":{"line":129,"column":81}},"3":{"start":{"line":131,"column":4},"end":{"line":131,"column":53}},"4":{"start":{"line":144,"column":4},"end":{"line":144,"column":81}},"5":{"start":{"line":146,"column":4},"end":{"line":146,"column":58}},"6":{"start":{"line":165,"column":4},"end":{"line":165,"column":97}},"7":{"start":{"line":186,"column":4},"end":{"line":186,"column":19}},"8":{"start":{"line":187,"column":4},"end":{"line":187,"column":23}},"9":{"start":{"line":188,"column":4},"end":{"line":188,"column":25}},"10":{"start":{"line":189,"column":4},"end":{"line":189,"column":41}},"11":{"start":{"line":190,"column":4},"end":{"line":190,"column":27}},"12":{"start":{"line":243,"column":4},"end":{"line":243,"column":57}},"13":{"start":{"line":246,"column":4},"end":{"line":246,"column":54}},"14":{"start":{"line":249,"column":4},"end":{"line":249,"column":53}},"15":{"start":{"line":252,"column":4},"end":{"line":252,"column":28}},"16":{"start":{"line":255,"column":4},"end":{"line":255,"column":9477}},"17":{"start":{"line":256,"column":6},"end":{"line":256,"column":9527}},"18":{"start":{"line":269,"column":6},"end":{"line":269,"column":33}},"19":{"start":{"line":270,"column":6},"end":{"line":270,"column":17}},"20":{"start":{"line":274,"column":4},"end":{"line":274,"column":65}},"21":{"start":{"line":277,"column":4},"end":{"line":277,"column":76}},"22":{"start":{"line":277,"column":21},"end":{"line":277,"column":75}},"23":{"start":{"line":279,"column":4},"end":{"line":279,"column":10301}},"24":{"start":{"line":280,"column":6},"end":{"line":280,"column":10331}},"25":{"start":{"line":290,"column":4},"end":{"line":290,"column":64}},"26":{"start":{"line":293,"column":4},"end":{"line":293,"column":10876}},"27":{"start":{"line":294,"column":6},"end":{"line":294,"column":10932}},"28":{"start":{"line":304,"column":6},"end":{"line":304,"column":28}},"29":{"start":{"line":305,"column":6},"end":{"line":305,"column":43}},"30":{"start":{"line":335,"column":4},"end":{"line":335,"column":57}},"31":{"start":{"line":338,"column":4},"end":{"line":338,"column":63}},"32":{"start":{"line":341,"column":4},"end":{"line":341,"column":12508}},"33":{"start":{"line":352,"column":4},"end":{"line":352,"column":12817}},"34":{"start":{"line":356,"column":4},"end":{"line":356,"column":12983}},"35":{"start":{"line":368,"column":4},"end":{"line":368,"column":13425}},"36":{"start":{"line":373,"column":4},"end":{"line":373,"column":82}},"37":{"start":{"line":376,"column":4},"end":{"line":376,"column":68}},"38":{"start":{"line":379,"column":4},"end":{"line":379,"column":89}},"39":{"start":{"line":382,"column":4},"end":{"line":382,"column":68}},"40":{"start":{"line":408,"column":4},"end":{"line":408,"column":57}},"41":{"start":{"line":411,"column":4},"end":{"line":411,"column":14982}},"42":{"start":{"line":423,"column":4},"end":{"line":423,"column":15401}},"43":{"start":{"line":428,"column":4},"end":{"line":428,"column":15515}},"44":{"start":{"line":440,"column":4},"end":{"line":440,"column":80}},"45":{"start":{"line":443,"column":4},"end":{"line":443,"column":66}},"46":{"start":{"line":446,"column":4},"end":{"line":446,"column":16152}},"47":{"start":{"line":451,"column":4},"end":{"line":451,"column":66}},"48":{"start":{"line":491,"column":4},"end":{"line":491,"column":97}},"49":{"start":{"line":494,"column":4},"end":{"line":494,"column":57}},"50":{"start":{"line":497,"column":4},"end":{"line":497,"column":56}},"51":{"start":{"line":500,"column":4},"end":{"line":500,"column":35}},"52":{"start":{"line":503,"column":4},"end":{"line":503,"column":18266}},"53":{"start":{"line":504,"column":6},"end":{"line":504,"column":18319}},"54":{"start":{"line":516,"column":6},"end":{"line":516,"column":78}},"55":{"start":{"line":517,"column":6},"end":{"line":517,"column":17}},"56":{"start":{"line":521,"column":4},"end":{"line":521,"column":76}},"57":{"start":{"line":524,"column":4},"end":{"line":524,"column":62}},"58":{"start":{"line":527,"column":4},"end":{"line":527,"column":19117}},"59":{"start":{"line":528,"column":6},"end":{"line":528,"column":19143}},"60":{"start":{"line":537,"column":4},"end":{"line":537,"column":84}},"61":{"start":{"line":537,"column":25},"end":{"line":537,"column":83}},"62":{"start":{"line":540,"column":4},"end":{"line":540,"column":19527}},"63":{"start":{"line":541,"column":6},"end":{"line":541,"column":19590}},"64":{"start":{"line":550,"column":6},"end":{"line":550,"column":31}},"65":{"start":{"line":551,"column":6},"end":{"line":551,"column":46}},"66":{"start":{"line":573,"column":4},"end":{"line":573,"column":57}},"67":{"start":{"line":576,"column":4},"end":{"line":576,"column":58}},"68":{"start":{"line":593,"column":4},"end":{"line":593,"column":81}},"69":{"start":{"line":596,"column":4},"end":{"line":596,"column":73}},"70":{"start":{"line":599,"column":4},"end":{"line":599,"column":34}},"71":{"start":{"line":602,"column":4},"end":{"line":602,"column":28}},"72":{"start":{"line":611,"column":4},"end":{"line":611,"column":72}},"73":{"start":{"line":614,"column":4},"end":{"line":614,"column":23}},"74":{"start":{"line":632,"column":4},"end":{"line":632,"column":22391}},"75":{"start":{"line":637,"column":4},"end":{"line":637,"column":39}},"76":{"start":{"line":637,"column":31},"end":{"line":637,"column":39}},"77":{"start":{"line":640,"column":4},"end":{"line":640,"column":63}},"78":{"start":{"line":643,"column":4},"end":{"line":643,"column":22807}},"79":{"start":{"line":649,"column":4},"end":{"line":649,"column":84}},"80":{"start":{"line":649,"column":34},"end":{"line":649,"column":83}},"81":{"start":{"line":652,"column":4},"end":{"line":652,"column":60}},"82":{"start":{"line":652,"column":37},"end":{"line":652,"column":60}},"83":{"start":{"line":655,"column":4},"end":{"line":655,"column":23434}},"84":{"start":{"line":661,"column":4},"end":{"line":661,"column":38}},"85":{"start":{"line":661,"column":30},"end":{"line":661,"column":38}},"86":{"start":{"line":664,"column":4},"end":{"line":664,"column":79}},"87":{"start":{"line":667,"column":4},"end":{"line":667,"column":46}},"88":{"start":{"line":667,"column":34},"end":{"line":667,"column":46}},"89":{"start":{"line":668,"column":4},"end":{"line":668,"column":24003}},"90":{"start":{"line":694,"column":4},"end":{"line":694,"column":46}},"91":{"start":{"line":697,"column":4},"end":{"line":697,"column":33}},"92":{"start":{"line":697,"column":25},"end":{"line":697,"column":33}},"93":{"start":{"line":700,"column":4},"end":{"line":700,"column":25063}},"94":{"start":{"line":707,"column":4},"end":{"line":707,"column":25314}},"95":{"start":{"line":714,"column":4},"end":{"line":714,"column":25602}},"96":{"start":{"line":721,"column":4},"end":{"line":721,"column":94}},"97":{"start":{"line":742,"column":4},"end":{"line":742,"column":71}},"98":{"start":{"line":745,"column":4},"end":{"line":745,"column":25}},"99":{"start":{"line":746,"column":4},"end":{"line":746,"column":42}},"100":{"start":{"line":748,"column":4},"end":{"line":748,"column":27002}},"101":{"start":{"line":749,"column":6},"end":{"line":749,"column":76}},"102":{"start":{"line":752,"column":6},"end":{"line":752,"column":27228}},"103":{"start":{"line":759,"column":6},"end":{"line":759,"column":27492}},"104":{"start":{"line":766,"column":6},"end":{"line":766,"column":27708}},"105":{"start":{"line":781,"column":4},"end":{"line":781,"column":28341}}},"branchMap":{"1":{"line":35,"type":"if","locations":[{"start":{"line":35,"column":4},"end":{"line":35,"column":4}},{"start":{"line":35,"column":4},"end":{"line":35,"column":4}}]},"2":{"line":246,"type":"if","locations":[{"start":{"line":246,"column":4},"end":{"line":246,"column":4}},{"start":{"line":246,"column":4},"end":{"line":246,"column":4}}]},"3":{"line":249,"type":"if","locations":[{"start":{"line":249,"column":4},"end":{"line":249,"column":4}},{"start":{"line":249,"column":4},"end":{"line":249,"column":4}}]},"4":{"line":255,"type":"if","locations":[{"start":{"line":255,"column":4},"end":{"line":255,"column":4}},{"start":{"line":255,"column":4},"end":{"line":255,"column":4}}]},"5":{"line":277,"type":"if","locations":[{"start":{"line":277,"column":4},"end":{"line":277,"column":4}},{"start":{"line":277,"column":4},"end":{"line":277,"column":4}}]},"6":{"line":279,"type":"if","locations":[{"start":{"line":279,"column":4},"end":{"line":279,"column":4}},{"start":{"line":279,"column":4},"end":{"line":279,"column":4}}]},"7":{"line":290,"type":"if","locations":[{"start":{"line":290,"column":4},"end":{"line":290,"column":4}},{"start":{"line":290,"column":4},"end":{"line":290,"column":4}}]},"8":{"line":293,"type":"if","locations":[{"start":{"line":293,"column":4},"end":{"line":293,"column":4}},{"start":{"line":293,"column":4},"end":{"line":293,"column":4}}]},"9":{"line":338,"type":"if","locations":[{"start":{"line":338,"column":4},"end":{"line":338,"column":4}},{"start":{"line":338,"column":4},"end":{"line":338,"column":4}}]},"10":{"line":341,"type":"if","locations":[{"start":{"line":341,"column":4},"end":{"line":341,"column":4}},{"start":{"line":341,"column":4},"end":{"line":341,"column":4}}]},"11":{"line":356,"type":"if","locations":[{"start":{"line":356,"column":4},"end":{"line":356,"column":4}},{"start":{"line":356,"column":4},"end":{"line":356,"column":4}}]},"12":{"line":373,"type":"if","locations":[{"start":{"line":373,"column":4},"end":{"line":373,"column":4}},{"start":{"line":373,"column":4},"end":{"line":373,"column":4}}]},"13":{"line":376,"type":"if","locations":[{"start":{"line":376,"column":4},"end":{"line":376,"column":4}},{"start":{"line":376,"column":4},"end":{"line":376,"column":4}}]},"14":{"line":411,"type":"if","locations":[{"start":{"line":411,"column":4},"end":{"line":411,"column":4}},{"start":{"line":411,"column":4},"end":{"line":411,"column":4}}]},"15":{"line":428,"type":"if","locations":[{"start":{"line":428,"column":4},"end":{"line":428,"column":4}},{"start":{"line":428,"column":4},"end":{"line":428,"column":4}}]},"16":{"line":440,"type":"if","locations":[{"start":{"line":440,"column":4},"end":{"line":440,"column":4}},{"start":{"line":440,"column":4},"end":{"line":440,"column":4}}]},"17":{"line":443,"type":"if","locations":[{"start":{"line":443,"column":4},"end":{"line":443,"column":4}},{"start":{"line":443,"column":4},"end":{"line":443,"column":4}}]},"18":{"line":491,"type":"if","locations":[{"start":{"line":491,"column":4},"end":{"line":491,"column":4}},{"start":{"line":491,"column":4},"end":{"line":491,"column":4}}]},"19":{"line":497,"type":"if","locations":[{"start":{"line":497,"column":4},"end":{"line":497,"column":4}},{"start":{"line":497,"column":4},"end":{"line":497,"column":4}}]},"20":{"line":503,"type":"if","locations":[{"start":{"line":503,"column":4},"end":{"line":503,"column":4}},{"start":{"line":503,"column":4},"end":{"line":503,"column":4}}]},"21":{"line":521,"type":"if","locations":[{"start":{"line":521,"column":4},"end":{"line":521,"column":4}},{"start":{"line":521,"column":4},"end":{"line":521,"column":4}}]},"22":{"line":524,"type":"if","locations":[{"start":{"line":524,"column":4},"end":{"line":524,"column":4}},{"start":{"line":524,"column":4},"end":{"line":524,"column":4}}]},"23":{"line":527,"type":"if","locations":[{"start":{"line":527,"column":4},"end":{"line":527,"column":4}},{"start":{"line":527,"column":4},"end":{"line":527,"column":4}}]},"24":{"line":537,"type":"if","locations":[{"start":{"line":537,"column":4},"end":{"line":537,"column":4}},{"start":{"line":537,"column":4},"end":{"line":537,"column":4}}]},"25":{"line":540,"type":"if","locations":[{"start":{"line":540,"column":4},"end":{"line":540,"column":4}},{"start":{"line":540,"column":4},"end":{"line":540,"column":4}}]},"26":{"line":596,"type":"if","locations":[{"start":{"line":596,"column":4},"end":{"line":596,"column":4}},{"start":{"line":596,"column":4},"end":{"line":596,"column":4}}]},"27":{"line":611,"type":"if","locations":[{"start":{"line":611,"column":4},"end":{"line":611,"column":4}},{"start":{"line":611,"column":4},"end":{"line":611,"column":4}}]},"28":{"line":637,"type":"if","locations":[{"start":{"line":637,"column":4},"end":{"line":637,"column":4}},{"start":{"line":637,"column":4},"end":{"line":637,"column":4}}]},"29":{"line":649,"type":"if","locations":[{"start":{"line":649,"column":4},"end":{"line":649,"column":4}},{"start":{"line":649,"column":4},"end":{"line":649,"column":4}}]},"30":{"line":652,"type":"if","locations":[{"start":{"line":652,"column":4},"end":{"line":652,"column":4}},{"start":{"line":652,"column":4},"end":{"line":652,"column":4}}]},"31":{"line":661,"type":"if","locations":[{"start":{"line":661,"column":4},"end":{"line":661,"column":4}},{"start":{"line":661,"column":4},"end":{"line":661,"column":4}}]},"32":{"line":667,"type":"if","locations":[{"start":{"line":667,"column":4},"end":{"line":667,"column":4}},{"start":{"line":667,"column":4},"end":{"line":667,"column":4}}]},"33":{"line":697,"type":"if","locations":[{"start":{"line":697,"column":4},"end":{"line":697,"column":4}},{"start":{"line":697,"column":4},"end":{"line":697,"column":4}}]}}},"contracts/JBFundingCycleStore.sol":{"l":{"76":0,"92":0,"95":0,"98":0,"99":0,"102":0,"105":0,"108":0,"111":0,"115":0,"116":0,"119":0,"122":0,"126":0,"147":0,"150":0,"153":0,"156":0,"158":0,"162":0,"166":0,"170":0,"173":0,"176":0,"179":0,"180":0,"184":0,"187":0,"190":0,"203":0,"206":0,"209":0,"212":0,"214":0,"257":0,"260":0,"263":0,"266":0,"269":0,"272":0,"281":0,"283":0,"286":0,"307":0,"308":0,"309":0,"313":0,"316":0,"318":0,"324":0,"332":0,"336":0,"339":0,"341":0,"343":0,"346":0,"349":0,"352":0,"356":0,"359":0,"380":0,"382":0,"385":0,"395":0,"405":0,"407":0,"428":0,"431":0,"436":0,"439":0,"469":0,"471":0,"473":0,"475":0,"478":0,"499":0,"500":0,"503":0,"505":0,"507":0,"510":0,"526":0,"529":0,"532":0,"535":0,"551":0,"554":0,"557":0,"561":0,"566":0,"570":0,"576":0,"597":0,"602":0,"607":0,"613":0,"615":0,"644":0,"646":0,"648":0,"650":0,"651":0,"652":0,"653":0,"655":0,"657":0,"658":0,"659":0,"661":0,"679":0,"682":0,"685":0,"688":0,"692":0,"695":0,"713":0,"714":0,"722":0,"725":0,"728":0,"731":0,"733":0,"736":0,"754":0,"757":0,"760":0,"777":0,"778":0,"795":0,"816":0,"819":0,"823":0,"847":0,"850":0,"853":0},"path":"/Users/teddywilson/Dev/juice/juice-contracts-v2/contracts/JBFundingCycleStore.sol","s":{"1":0,"2":0,"3":0,"4":0,"5":0,"6":0,"7":0,"8":0,"9":0,"10":0,"11":0,"12":0,"13":0,"14":0,"15":0,"16":0,"17":0,"18":0,"19":0,"20":0,"21":0,"22":0,"23":0,"24":0,"25":0,"26":0,"27":0,"28":0,"29":0,"30":0,"31":0,"32":0,"33":0,"34":0,"35":0,"36":0,"37":0,"38":0,"39":0,"40":0,"41":0,"42":0,"43":0,"44":0,"45":0,"46":0,"47":0,"48":0,"49":0,"50":0,"51":0,"52":0,"53":0,"54":0,"55":0,"56":0,"57":0,"58":0,"59":0,"60":0,"61":0,"62":0,"63":0,"64":0,"65":0,"66":0,"67":0,"68":0,"69":0,"70":0,"71":0,"72":0,"73":0,"74":0,"75":0,"76":0,"77":0,"78":0,"79":0,"80":0,"81":0,"82":0,"83":0,"84":0,"85":0,"86":0,"87":0,"88":0,"89":0,"90":0,"91":0,"92":0,"93":0,"94":0,"95":0,"96":0,"97":0,"98":0,"99":0,"100":0,"101":0,"102":0,"103":0,"104":0,"105":0,"106":0,"107":0,"108":0,"109":0,"110":0,"111":0,"112":0,"113":0,"114":0,"115":0,"116":0,"117":0,"118":0,"119":0,"120":0,"121":0,"122":0,"123":0,"124":0,"125":0,"126":0,"127":0,"128":0,"129":0,"130":0,"131":0,"132":0,"133":0,"134":0,"135":0,"136":0,"137":0,"138":0,"139":0,"140":0,"141":0,"142":0,"143":0,"144":0,"145":0,"146":0,"147":0,"148":0,"149":0,"150":0,"151":0,"152":0,"153":0,"154":0,"155":0,"156":0,"157":0,"158":0,"159":0},"b":{"1":[0,0],"2":[0,0],"3":[0,0],"4":[0,0],"5":[0,0],"6":[0,0],"7":[0,0],"8":[0,0],"9":[0,0],"10":[0,0],"11":[0,0],"12":[0,0],"13":[0,0],"14":[0,0],"15":[0,0],"16":[0,0],"17":[0,0],"18":[0,0],"19":[0,0],"20":[0,0],"21":[0,0],"22":[0,0],"23":[0,0],"24":[0,0],"25":[0,0],"26":[0,0],"27":[0,0],"28":[0,0],"29":[0,0],"30":[0,0],"31":[0,0],"32":[0,0],"33":[0,0],"34":[0,0],"35":[0,0],"36":[0,0],"37":[0,0],"38":[0,0],"39":[0,0]},"f":{"1":0,"2":0,"3":0,"4":0,"5":0,"6":0,"7":0,"8":0,"9":0,"10":0,"11":0,"12":0,"13":0,"14":0,"15":0,"16":0,"17":0,"18":0,"19":0,"20":0,"21":0,"22":0},"fnMap":{"1":{"name":"get","line":70,"loc":{"start":{"line":70,"column":2},"end":{"line":77,"column":2}}},"2":{"name":"queuedOf","line":90,"loc":{"start":{"line":90,"column":2},"end":{"line":127,"column":2}}},"3":{"name":"currentOf","line":140,"loc":{"start":{"line":140,"column":2},"end":{"line":191,"column":2}}},"4":{"name":"currentBallotStateOf","line":201,"loc":{"start":{"line":201,"column":2},"end":{"line":215,"column":2}}},"5":{"name":"constructor","line":224,"loc":{"start":{"line":224,"column":2},"end":{"line":224,"column":72}}},"6":{"name":"configureFor","line":255,"loc":{"start":{"line":251,"column":2},"end":{"line":287,"column":2}}},"7":{"name":"_configureIntrinsicProperiesFor","line":301,"loc":{"start":{"line":301,"column":2},"end":{"line":360,"column":2}}},"8":{"name":"_initFor","line":372,"loc":{"start":{"line":372,"column":2},"end":{"line":408,"column":2}}},"9":{"name":"_updateAndStoreIntrinsicPropertiesOf","line":420,"loc":{"start":{"line":420,"column":2},"end":{"line":447,"column":2}}},"10":{"name":"_packAndStoreIntrinsicPropertiesOf","line":460,"loc":{"start":{"line":460,"column":2},"end":{"line":479,"column":2}}},"11":{"name":"_packAndStoreUserPropertiesOf","line":491,"loc":{"start":{"line":491,"column":2},"end":{"line":511,"column":2}}},"12":{"name":"_standbyOf","line":524,"loc":{"start":{"line":524,"column":2},"end":{"line":536,"column":2}}},"13":{"name":"_eligibleOf","line":549,"loc":{"start":{"line":549,"column":2},"end":{"line":577,"column":2}}},"14":{"name":"_mockFundingCycleBasedOn","line":591,"loc":{"start":{"line":591,"column":2},"end":{"line":627,"column":2}}},"15":{"name":"_getStructFor","line":638,"loc":{"start":{"line":638,"column":2},"end":{"line":662,"column":2}}},"16":{"name":"_deriveStartFrom","line":673,"loc":{"start":{"line":673,"column":2},"end":{"line":696,"column":2}}},"17":{"name":"_deriveWeightFrom","line":707,"loc":{"start":{"line":707,"column":2},"end":{"line":737,"column":2}}},"18":{"name":"_deriveNumberFrom","line":748,"loc":{"start":{"line":748,"column":2},"end":{"line":761,"column":2}}},"19":{"name":"_isConfigurationApproved","line":772,"loc":{"start":{"line":772,"column":2},"end":{"line":779,"column":2}}},"20":{"name":"_isApproved","line":790,"loc":{"start":{"line":790,"column":2},"end":{"line":798,"column":2}}},"21":{"name":"_ballotStateOf","line":810,"loc":{"start":{"line":810,"column":2},"end":{"line":827,"column":2}}},"22":{"name":"_getLatestTimeAfterBallotOf","line":841,"loc":{"start":{"line":841,"column":2},"end":{"line":854,"column":2}}}},"statementMap":{"1":{"start":{"line":76,"column":4},"end":{"line":76,"column":52}},"2":{"start":{"line":92,"column":4},"end":{"line":92,"column":74}},"3":{"start":{"line":92,"column":48},"end":{"line":92,"column":74}},"4":{"start":{"line":95,"column":4},"end":{"line":95,"column":63}},"5":{"start":{"line":98,"column":4},"end":{"line":98,"column":3632}},"6":{"start":{"line":99,"column":6},"end":{"line":99,"column":66}},"7":{"start":{"line":102,"column":4},"end":{"line":102,"column":65}},"8":{"start":{"line":105,"column":4},"end":{"line":105,"column":95}},"9":{"start":{"line":108,"column":4},"end":{"line":108,"column":63}},"10":{"start":{"line":108,"column":37},"end":{"line":108,"column":63}},"11":{"start":{"line":111,"column":4},"end":{"line":111,"column":76}},"12":{"start":{"line":111,"column":50},"end":{"line":111,"column":76}},"13":{"start":{"line":115,"column":4},"end":{"line":115,"column":4496}},"14":{"start":{"line":116,"column":6},"end":{"line":116,"column":59}},"15":{"start":{"line":119,"column":4},"end":{"line":119,"column":53}},"16":{"start":{"line":122,"column":4},"end":{"line":122,"column":67}},"17":{"start":{"line":122,"column":41},"end":{"line":122,"column":67}},"18":{"start":{"line":126,"column":4},"end":{"line":126,"column":97}},"19":{"start":{"line":147,"column":4},"end":{"line":147,"column":74}},"20":{"start":{"line":147,"column":48},"end":{"line":147,"column":74}},"21":{"start":{"line":150,"column":4},"end":{"line":150,"column":64}},"22":{"start":{"line":153,"column":4},"end":{"line":153,"column":39}},"23":{"start":{"line":156,"column":4},"end":{"line":156,"column":6011}},"24":{"start":{"line":158,"column":6},"end":{"line":158,"column":74}},"25":{"start":{"line":162,"column":6},"end":{"line":162,"column":70}},"26":{"start":{"line":162,"column":50},"end":{"line":162,"column":70}},"27":{"start":{"line":166,"column":6},"end":{"line":166,"column":55}},"28":{"start":{"line":170,"column":6},"end":{"line":170,"column":67}},"29":{"start":{"line":173,"column":6},"end":{"line":173,"column":74}},"30":{"start":{"line":176,"column":6},"end":{"line":176,"column":78}},"31":{"start":{"line":176,"column":52},"end":{"line":176,"column":78}},"32":{"start":{"line":179,"column":6},"end":{"line":179,"column":7357}},"33":{"start":{"line":180,"column":8},"end":{"line":180,"column":57}},"34":{"start":{"line":184,"column":4},"end":{"line":184,"column":67}},"35":{"start":{"line":184,"column":41},"end":{"line":184,"column":67}},"36":{"start":{"line":187,"column":4},"end":{"line":187,"column":72}},"37":{"start":{"line":190,"column":4},"end":{"line":190,"column":56}},"38":{"start":{"line":203,"column":4},"end":{"line":203,"column":74}},"39":{"start":{"line":206,"column":4},"end":{"line":206,"column":61}},"40":{"start":{"line":209,"column":4},"end":{"line":209,"column":95}},"41":{"start":{"line":212,"column":4},"end":{"line":212,"column":65}},"42":{"start":{"line":212,"column":36},"end":{"line":212,"column":65}},"43":{"start":{"line":214,"column":4},"end":{"line":214,"column":89}},"44":{"start":{"line":257,"column":4},"end":{"line":257,"column":93}},"45":{"start":{"line":260,"column":4},"end":{"line":260,"column":71}},"46":{"start":{"line":263,"column":4},"end":{"line":263,"column":64}},"47":{"start":{"line":266,"column":4},"end":{"line":266,"column":44}},"48":{"start":{"line":269,"column":4},"end":{"line":269,"column":76}},"49":{"start":{"line":272,"column":4},"end":{"line":272,"column":11695}},"50":{"start":{"line":281,"column":4},"end":{"line":281,"column":74}},"51":{"start":{"line":281,"column":23},"end":{"line":281,"column":73}},"52":{"start":{"line":283,"column":4},"end":{"line":283,"column":76}},"53":{"start":{"line":286,"column":4},"end":{"line":286,"column":52}},"54":{"start":{"line":307,"column":4},"end":{"line":307,"column":12944}},"55":{"start":{"line":308,"column":6},"end":{"line":308,"column":88}},"56":{"start":{"line":309,"column":6},"end":{"line":309,"column":12}},"57":{"start":{"line":313,"column":4},"end":{"line":313,"column":58}},"58":{"start":{"line":316,"column":4},"end":{"line":316,"column":13281}},"59":{"start":{"line":318,"column":6},"end":{"line":318,"column":13390}},"60":{"start":{"line":324,"column":6},"end":{"line":324,"column":13631}},"61":{"start":{"line":332,"column":6},"end":{"line":332,"column":12}},"62":{"start":{"line":336,"column":4},"end":{"line":336,"column":50}},"63":{"start":{"line":339,"column":4},"end":{"line":339,"column":14154}},"64":{"start":{"line":341,"column":6},"end":{"line":341,"column":62}},"65":{"start":{"line":343,"column":4},"end":{"line":343,"column":14334}},"66":{"start":{"line":346,"column":6},"end":{"line":346,"column":85}},"67":{"start":{"line":349,"column":4},"end":{"line":349,"column":97}},"68":{"start":{"line":352,"column":4},"end":{"line":352,"column":81}},"69":{"start":{"line":356,"column":4},"end":{"line":356,"column":99}},"70":{"start":{"line":359,"column":4},"end":{"line":359,"column":91}},"71":{"start":{"line":380,"column":4},"end":{"line":380,"column":15964}},"72":{"start":{"line":382,"column":6},"end":{"line":382,"column":25}},"73":{"start":{"line":385,"column":6},"end":{"line":385,"column":16110}},"74":{"start":{"line":395,"column":6},"end":{"line":395,"column":16398}},"75":{"start":{"line":405,"column":4},"end":{"line":405,"column":53}},"76":{"start":{"line":407,"column":4},"end":{"line":407,"column":74}},"77":{"start":{"line":428,"column":4},"end":{"line":428,"column":77}},"78":{"start":{"line":431,"column":4},"end":{"line":431,"column":17724}},"79":{"start":{"line":436,"column":4},"end":{"line":436,"column":66}},"80":{"start":{"line":439,"column":4},"end":{"line":439,"column":17938}},"81":{"start":{"line":469,"column":4},"end":{"line":469,"column":28}},"82":{"start":{"line":471,"column":4},"end":{"line":471,"column":27}},"83":{"start":{"line":473,"column":4},"end":{"line":473,"column":26}},"84":{"start":{"line":475,"column":4},"end":{"line":475,"column":27}},"85":{"start":{"line":478,"column":4},"end":{"line":478,"column":68}},"86":{"start":{"line":499,"column":4},"end":{"line":499,"column":19937}},"87":{"start":{"line":500,"column":6},"end":{"line":500,"column":12}},"88":{"start":{"line":503,"column":4},"end":{"line":503,"column":46}},"89":{"start":{"line":505,"column":4},"end":{"line":505,"column":29}},"90":{"start":{"line":507,"column":4},"end":{"line":507,"column":33}},"91":{"start":{"line":510,"column":4},"end":{"line":510,"column":63}},"92":{"start":{"line":526,"column":4},"end":{"line":526,"column":52}},"93":{"start":{"line":529,"column":4},"end":{"line":529,"column":36}},"94":{"start":{"line":529,"column":28},"end":{"line":529,"column":36}},"95":{"start":{"line":532,"column":4},"end":{"line":532,"column":82}},"96":{"start":{"line":535,"column":4},"end":{"line":535,"column":56}},"97":{"start":{"line":535,"column":48},"end":{"line":535,"column":56}},"98":{"start":{"line":551,"column":4},"end":{"line":551,"column":52}},"99":{"start":{"line":554,"column":4},"end":{"line":554,"column":36}},"100":{"start":{"line":554,"column":28},"end":{"line":554,"column":36}},"101":{"start":{"line":557,"column":4},"end":{"line":557,"column":82}},"102":{"start":{"line":561,"column":4},"end":{"line":561,"column":22209}},"103":{"start":{"line":563,"column":6},"end":{"line":563,"column":14}},"104":{"start":{"line":566,"column":4},"end":{"line":566,"column":94}},"105":{"start":{"line":570,"column":4},"end":{"line":570,"column":22574}},"106":{"start":{"line":573,"column":6},"end":{"line":573,"column":14}},"107":{"start":{"line":576,"column":4},"end":{"line":576,"column":40}},"108":{"start":{"line":597,"column":4},"end":{"line":597,"column":80}},"109":{"start":{"line":597,"column":54},"end":{"line":597,"column":80}},"110":{"start":{"line":602,"column":4},"end":{"line":602,"column":24029}},"111":{"start":{"line":607,"column":4},"end":{"line":607,"column":24189}},"112":{"start":{"line":613,"column":4},"end":{"line":613,"column":66}},"113":{"start":{"line":615,"column":4},"end":{"line":615,"column":24429}},"114":{"start":{"line":644,"column":4},"end":{"line":644,"column":48}},"115":{"start":{"line":644,"column":29},"end":{"line":644,"column":48}},"116":{"start":{"line":646,"column":4},"end":{"line":646,"column":46}},"117":{"start":{"line":648,"column":4},"end":{"line":648,"column":97}},"118":{"start":{"line":650,"column":4},"end":{"line":650,"column":68}},"119":{"start":{"line":651,"column":4},"end":{"line":651,"column":76}},"120":{"start":{"line":652,"column":4},"end":{"line":652,"column":74}},"121":{"start":{"line":653,"column":4},"end":{"line":653,"column":75}},"122":{"start":{"line":655,"column":4},"end":{"line":655,"column":87}},"123":{"start":{"line":657,"column":4},"end":{"line":657,"column":87}},"124":{"start":{"line":658,"column":4},"end":{"line":658,"column":72}},"125":{"start":{"line":659,"column":4},"end":{"line":659,"column":76}},"126":{"start":{"line":661,"column":4},"end":{"line":661,"column":66}},"127":{"start":{"line":679,"column":4},"end":{"line":679,"column":67}},"128":{"start":{"line":679,"column":41},"end":{"line":679,"column":67}},"129":{"start":{"line":682,"column":4},"end":{"line":682,"column":86}},"130":{"start":{"line":685,"column":4},"end":{"line":685,"column":78}},"131":{"start":{"line":685,"column":52},"end":{"line":685,"column":78}},"132":{"start":{"line":688,"column":4},"end":{"line":688,"column":27394}},"133":{"start":{"line":692,"column":4},"end":{"line":692,"column":64}},"134":{"start":{"line":695,"column":4},"end":{"line":695,"column":82}},"135":{"start":{"line":695,"column":40},"end":{"line":695,"column":81}},"136":{"start":{"line":713,"column":4},"end":{"line":713,"column":28284}},"137":{"start":{"line":714,"column":6},"end":{"line":714,"column":28327}},"138":{"start":{"line":722,"column":4},"end":{"line":722,"column":36}},"139":{"start":{"line":725,"column":4},"end":{"line":725,"column":58}},"140":{"start":{"line":725,"column":45},"end":{"line":725,"column":58}},"141":{"start":{"line":728,"column":4},"end":{"line":728,"column":61}},"142":{"start":{"line":731,"column":4},"end":{"line":731,"column":75}},"143":{"start":{"line":733,"column":4},"end":{"line":733,"column":29115}},"144":{"start":{"line":736,"column":6},"end":{"line":736,"column":93}},"145":{"start":{"line":754,"column":4},"end":{"line":754,"column":76}},"146":{"start":{"line":754,"column":41},"end":{"line":754,"column":76}},"147":{"start":{"line":757,"column":4},"end":{"line":757,"column":61}},"148":{"start":{"line":760,"column":4},"end":{"line":760,"column":83}},"149":{"start":{"line":777,"column":4},"end":{"line":777,"column":83}},"150":{"start":{"line":778,"column":4},"end":{"line":778,"column":49}},"151":{"start":{"line":795,"column":4},"end":{"line":795,"column":31241}},"152":{"start":{"line":816,"column":4},"end":{"line":816,"column":65}},"153":{"start":{"line":816,"column":36},"end":{"line":816,"column":65}},"154":{"start":{"line":819,"column":4},"end":{"line":819,"column":96}},"155":{"start":{"line":823,"column":4},"end":{"line":823,"column":32430}},"156":{"start":{"line":847,"column":4},"end":{"line":847,"column":89}},"157":{"start":{"line":847,"column":67},"end":{"line":847,"column":89}},"158":{"start":{"line":850,"column":4},"end":{"line":850,"column":71}},"159":{"start":{"line":853,"column":4},"end":{"line":853,"column":84}}},"branchMap":{"1":{"line":92,"type":"if","locations":[{"start":{"line":92,"column":4},"end":{"line":92,"column":4}},{"start":{"line":92,"column":4},"end":{"line":92,"column":4}}]},"2":{"line":98,"type":"if","locations":[{"start":{"line":98,"column":4},"end":{"line":98,"column":4}},{"start":{"line":98,"column":4},"end":{"line":98,"column":4}}]},"3":{"line":108,"type":"if","locations":[{"start":{"line":108,"column":4},"end":{"line":108,"column":4}},{"start":{"line":108,"column":4},"end":{"line":108,"column":4}}]},"4":{"line":111,"type":"if","locations":[{"start":{"line":111,"column":4},"end":{"line":111,"column":4}},{"start":{"line":111,"column":4},"end":{"line":111,"column":4}}]},"5":{"line":115,"type":"if","locations":[{"start":{"line":115,"column":4},"end":{"line":115,"column":4}},{"start":{"line":115,"column":4},"end":{"line":115,"column":4}}]},"6":{"line":122,"type":"if","locations":[{"start":{"line":122,"column":4},"end":{"line":122,"column":4}},{"start":{"line":122,"column":4},"end":{"line":122,"column":4}}]},"7":{"line":147,"type":"if","locations":[{"start":{"line":147,"column":4},"end":{"line":147,"column":4}},{"start":{"line":147,"column":4},"end":{"line":147,"column":4}}]},"8":{"line":156,"type":"if","locations":[{"start":{"line":156,"column":4},"end":{"line":156,"column":4}},{"start":{"line":156,"column":4},"end":{"line":156,"column":4}}]},"9":{"line":162,"type":"if","locations":[{"start":{"line":162,"column":6},"end":{"line":162,"column":6}},{"start":{"line":162,"column":6},"end":{"line":162,"column":6}}]},"10":{"line":176,"type":"if","locations":[{"start":{"line":176,"column":6},"end":{"line":176,"column":6}},{"start":{"line":176,"column":6},"end":{"line":176,"column":6}}]},"11":{"line":179,"type":"if","locations":[{"start":{"line":179,"column":6},"end":{"line":179,"column":6}},{"start":{"line":179,"column":6},"end":{"line":179,"column":6}}]},"12":{"line":184,"type":"if","locations":[{"start":{"line":184,"column":4},"end":{"line":184,"column":4}},{"start":{"line":184,"column":4},"end":{"line":184,"column":4}}]},"13":{"line":206,"type":"if","locations":[{"start":{"line":206,"column":4},"end":{"line":206,"column":4}},{"start":{"line":206,"column":4},"end":{"line":206,"column":4}}]},"14":{"line":212,"type":"if","locations":[{"start":{"line":212,"column":4},"end":{"line":212,"column":4}},{"star
[...]
line":156,"column":6}}]},"6":{"line":166,"type":"if","locations":[{"start":{"line":166,"column":6},"end":{"line":166,"column":6}},{"start":{"line":166,"column":6},"end":{"line":166,"column":6}}]}}},"contracts/JBToken.sol":{"l":{"15":0,"19":0,"54":0,"72":0,"93":0},"path":"/Users/teddywilson/Dev/juice/juice-contracts-v2/contracts/JBToken.sol","s":{"1":0,"2":0,"3":0,"4":0,"5":0},"b":{},"f":{"1":0,"2":0,"3":0,"4":0,"5":0,"6":0},"fnMap":{"1":{"name":"totalSupply","line":14,"loc":{"start":{"line":14,"column":2},"end":{"line":16,"column":2}}},"2":{"name":"balanceOf","line":18,"loc":{"start":{"line":18,"column":2},"end":{"line":20,"column":2}}},"3":{"name":"constructor","line":32,"loc":{"start":{"line":30,"column":2},"end":{"line":33,"column":3}}},"4":{"name":"mint","line":53,"loc":{"start":{"line":49,"column":2},"end":{"line":55,"column":2}}},"5":{"name":"burn","line":71,"loc":{"start":{"line":67,"column":2},"end":{"line":73,"column":2}}},"6":{"name":"transferOwnership","line":91,"loc":{"start":{"line":87,"column":2},"end":{"line":94,"column":2}}}},"statementMap":{"1":{"start":{"line":15,"column":4},"end":{"line":15,"column":30}},"2":{"start":{"line":19,"column":4},"end":{"line":19,"column":36}},"3":{"start":{"line":54,"column":4},"end":{"line":54,"column":35}},"4":{"start":{"line":72,"column":4},"end":{"line":72,"column":35}},"5":{"start":{"line":93,"column":4},"end":{"line":93,"column":45}}},"branchMap":{}},"contracts/JBTokenStore.sol":{"l":{"88":0,"91":0,"94":0,"113":0,"116":0,"119":0,"136":0,"163":0,"166":0,"169":0,"172":0,"175":0,"177":0,"197":0,"200":0,"203":0,"204":0,"206":0,"228":0,"231":0,"234":0,"237":0,"239":0,"242":0,"243":0,"246":0,"268":0,"271":0,"274":0,"280":0,"288":0,"291":0,"292":0,"295":0,"298":0,"302":0,"305":0,"306":0,"308":0,"311":0,"316":0,"336":0,"339":0,"342":0,"345":0,"348":0,"351":0,"354":0,"356":0,"378":0,"381":0,"384":0,"387":0,"390":0,"393":0,"396":0,"400":0,"419":0,"422":0,"425":0,"427":0},"path":"/Users/teddywilson/Dev/juice/juice-contracts-v2/contracts/JBTokenStore.sol","s":{"1":0,"2":0,"3":0,"4":0,"5":0,"6":0,"7":0,"8":0,"9":0,"10":0,"11":0,"12":0,"13":0,"14":0,"15":0,"16":0,"17":0,"18":0,"19":0,"20":0,"21":0,"22":0,"23":0,"24":0,"25":0,"26":0,"27":0,"28":0,"29":0,"30":0,"31":0,"32":0,"33":0,"34":0,"35":0,"36":0,"37":0,"38":0,"39":0,"40":0,"41":0,"42":0,"43":0,"44":0,"45":0,"46":0,"47":0,"48":0,"49":0,"50":0,"51":0,"52":0,"53":0,"54":0,"55":0,"56":0,"57":0,"58":0,"59":0,"60":0,"61":0,"62":0,"63":0,"64":0,"65":0},"b":{"1":[0,0],"2":[0,0],"3":[0,0],"4":[0,0],"5":[0,0],"6":[0,0],"7":[0,0],"8":[0,0],"9":[0,0],"10":[0,0],"11":[0,0],"12":[0,0],"13":[0,0],"14":[0,0],"15":[0,0],"16":[0,0],"17":[0,0],"18":[0,0],"19":[0,0],"20":[0,0]},"f":{"1":0,"2":0,"3":0,"4":0,"5":0,"6":0,"7":0,"8":0,"9":0,"10":0},"fnMap":{"1":{"name":"totalSupplyOf","line":86,"loc":{"start":{"line":86,"column":2},"end":{"line":95,"column":2}}},"2":{"name":"balanceOf","line":106,"loc":{"start":{"line":106,"column":2},"end":{"line":120,"column":2}}},"3":{"name":"constructor","line":135,"loc":{"start":{"line":131,"column":2},"end":{"line":137,"column":2}}},"4":{"name":"issueFor","line":161,"loc":{"start":{"line":157,"column":2},"end":{"line":178,"column":2}}},"5":{"name":"changeFor","line":195,"loc":{"start":{"line":191,"column":2},"end":{"line":207,"column":2}}},"6":{"name":"mintFor","line":226,"loc":{"start":{"line":221,"column":2},"end":{"line":247,"column":2}}},"7":{"name":"burnFrom","line":266,"loc":{"start":{"line":261,"column":2},"end":{"line":317,"column":2}}},"8":{"name":"claimFor","line":330,"loc":{"start":{"line":330,"column":2},"end":{"line":357,"column":2}}},"9":{"name":"transferTo","line":376,"loc":{"start":{"line":371,"column":2},"end":{"line":401,"column":2}}},"10":{"name":"shouldRequireClaimingFor","line":416,"loc":{"start":{"line":413,"column":2},"end":{"line":428,"column":2}}}},"statementMap":{"1":{"start":{"line":88,"column":4},"end":{"line":88,"column":46}},"2":{"start":{"line":91,"column":4},"end":{"line":91,"column":41}},"3":{"start":{"line":94,"column":4},"end":{"line":94,"column":88}},"4":{"start":{"line":94,"column":40},"end":{"line":94,"column":87}},"5":{"start":{"line":113,"column":4},"end":{"line":113,"column":52}},"6":{"start":{"line":116,"column":4},"end":{"line":116,"column":41}},"7":{"start":{"line":119,"column":4},"end":{"line":119,"column":97}},"8":{"start":{"line":119,"column":40},"end":{"line":119,"column":96}},"9":{"start":{"line":136,"column":4},"end":{"line":136,"column":23}},"10":{"start":{"line":163,"column":4},"end":{"line":163,"column":57}},"11":{"start":{"line":166,"column":4},"end":{"line":166,"column":61}},"12":{"start":{"line":169,"column":4},"end":{"line":169,"column":79}},"13":{"start":{"line":172,"column":4},"end":{"line":172,"column":38}},"14":{"start":{"line":175,"column":4},"end":{"line":175,"column":30}},"15":{"start":{"line":177,"column":4},"end":{"line":177,"column":61}},"16":{"start":{"line":197,"column":4},"end":{"line":197,"column":48}},"17":{"start":{"line":200,"column":4},"end":{"line":200,"column":31}},"18":{"start":{"line":203,"column":4},"end":{"line":203,"column":7070}},"19":{"start":{"line":204,"column":6},"end":{"line":204,"column":47}},"20":{"start":{"line":206,"column":4},"end":{"line":206,"column":58}},"21":{"start":{"line":228,"column":4},"end":{"line":228,"column":38}},"22":{"start":{"line":231,"column":4},"end":{"line":231,"column":41}},"23":{"start":{"line":234,"column":4},"end":{"line":234,"column":8141}},"24":{"start":{"line":237,"column":4},"end":{"line":237,"column":8235}},"25":{"start":{"line":239,"column":6},"end":{"line":239,"column":46}},"26":{"start":{"line":242,"column":6},"end":{"line":242,"column":96}},"27":{"start":{"line":243,"column":6},"end":{"line":243,"column":86}},"28":{"start":{"line":246,"column":4},"end":{"line":246,"column":97}},"29":{"start":{"line":268,"column":4},"end":{"line":268,"column":41}},"30":{"start":{"line":271,"column":4},"end":{"line":271,"column":71}},"31":{"start":{"line":274,"column":4},"end":{"line":274,"column":9662}},"32":{"start":{"line":280,"column":4},"end":{"line":280,"column":9838}},"33":{"start":{"line":288,"column":4},"end":{"line":288,"column":32}},"34":{"start":{"line":291,"column":4},"end":{"line":291,"column":10260}},"35":{"start":{"line":292,"column":6},"end":{"line":292,"column":29}},"36":{"start":{"line":294,"column":11},"end":{"line":294,"column":10410}},"37":{"start":{"line":295,"column":6},"end":{"line":295,"column":82}},"38":{"start":{"line":298,"column":6},"end":{"line":298,"column":90}},"39":{"start":{"line":302,"column":4},"end":{"line":302,"column":67}},"40":{"start":{"line":305,"column":4},"end":{"line":305,"column":88}},"41":{"start":{"line":305,"column":34},"end":{"line":305,"column":87}},"42":{"start":{"line":306,"column":4},"end":{"line":306,"column":10940}},"43":{"start":{"line":308,"column":6},"end":{"line":308,"column":11063}},"44":{"start":{"line":311,"column":6},"end":{"line":311,"column":11193}},"45":{"start":{"line":316,"column":4},"end":{"line":316,"column":96}},"46":{"start":{"line":336,"column":4},"end":{"line":336,"column":41}},"47":{"start":{"line":339,"column":4},"end":{"line":339,"column":61}},"48":{"start":{"line":342,"column":4},"end":{"line":342,"column":71}},"49":{"start":{"line":345,"column":4},"end":{"line":345,"column":68}},"50":{"start":{"line":348,"column":4},"end":{"line":348,"column":94}},"51":{"start":{"line":351,"column":4},"end":{"line":351,"column":84}},"52":{"start":{"line":354,"column":4},"end":{"line":354,"column":44}},"53":{"start":{"line":356,"column":4},"end":{"line":356,"column":56}},"54":{"start":{"line":378,"column":4},"end":{"line":378,"column":58}},"55":{"start":{"line":381,"column":4},"end":{"line":381,"column":51}},"56":{"start":{"line":384,"column":4},"end":{"line":384,"column":38}},"57":{"start":{"line":387,"column":4},"end":{"line":387,"column":71}},"58":{"start":{"line":390,"column":4},"end":{"line":390,"column":68}},"59":{"start":{"line":393,"column":4},"end":{"line":393,"column":94}},"60":{"start":{"line":396,"column":4},"end":{"line":396,"column":14163}},"61":{"start":{"line":400,"column":4},"end":{"line":400,"column":71}},"62":{"start":{"line":419,"column":4},"end":{"line":419,"column":41}},"63":{"start":{"line":422,"column":4},"end":{"line":422,"column":61}},"64":{"start":{"line":425,"column":4},"end":{"line":425,"column":38}},"65":{"start":{"line":427,"column":4},"end":{"line":427,"column":58}}},"branchMap":{"1":{"line":94,"type":"if","locations":[{"start":{"line":94,"column":4},"end":{"line":94,"column":4}},{"start":{"line":94,"column":4},"end":{"line":94,"column":4}}]},"2":{"line":119,"type":"if","locations":[{"start":{"line":119,"column":4},"end":{"line":119,"column":4}},{"start":{"line":119,"column":4},"end":{"line":119,"column":4}}]},"3":{"line":163,"type":"if","locations":[{"start":{"line":163,"column":4},"end":{"line":163,"column":4}},{"start":{"line":163,"column":4},"end":{"line":163,"column":4}}]},"4":{"line":166,"type":"if","locations":[{"start":{"line":166,"column":4},"end":{"line":166,"column":4}},{"start":{"line":166,"column":4},"end":{"line":166,"column":4}}]},"5":{"line":169,"type":"if","locations":[{"start":{"line":169,"column":4},"end":{"line":169,"column":4}},{"start":{"line":169,"column":4},"end":{"line":169,"column":4}}]},"6":{"line":203,"type":"if","locations":[{"start":{"line":203,"column":4},"end":{"line":203,"column":4}},{"start":{"line":203,"column":4},"end":{"line":203,"column":4}}]},"7":{"line":228,"type":"if","locations":[{"start":{"line":228,"column":4},"end":{"line":228,"column":4}},{"start":{"line":228,"column":4},"end":{"line":228,"column":4}}]},"8":{"line":237,"type":"if","locations":[{"start":{"line":237,"column":4},"end":{"line":237,"column":4}},{"start":{"line":237,"column":4},"end":{"line":237,"column":4}}]},"9":{"line":280,"type":"if","locations":[{"start":{"line":280,"column":4},"end":{"line":280,"column":4}},{"start":{"line":280,"column":4},"end":{"line":280,"column":4}}]},"10":{"line":291,"type":"if","locations":[{"start":{"line":291,"column":4},"end":{"line":291,"column":4}},{"start":{"line":291,"column":4},"end":{"line":291,"column":4}}]},"11":{"line":294,"type":"if","locations":[{"start":{"line":294,"column":11},"end":{"line":294,"column":11}},{"start":{"line":294,"column":11},"end":{"line":294,"column":11}}]},"12":{"line":305,"type":"if","locations":[{"start":{"line":305,"column":4},"end":{"line":305,"column":4}},{"start":{"line":305,"column":4},"end":{"line":305,"column":4}}]},"13":{"line":306,"type":"if","locations":[{"start":{"line":306,"column":4},"end":{"line":306,"column":4}},{"start":{"line":306,"column":4},"end":{"line":306,"column":4}}]},"14":{"line":339,"type":"if","locations":[{"start":{"line":339,"column":4},"end":{"line":339,"column":4}},{"start":{"line":339,"column":4},"end":{"line":339,"column":4}}]},"15":{"line":345,"type":"if","locations":[{"start":{"line":345,"column":4},"end":{"line":345,"column":4}},{"start":{"line":345,"column":4},"end":{"line":345,"column":4}}]},"16":{"line":378,"type":"if","locations":[{"start":{"line":378,"column":4},"end":{"line":378,"column":4}},{"start":{"line":378,"column":4},"end":{"line":378,"column":4}}]},"17":{"line":381,"type":"if","locations":[{"start":{"line":381,"column":4},"end":{"line":381,"column":4}},{"start":{"line":381,"column":4},"end":{"line":381,"column":4}}]},"18":{"line":384,"type":"if","locations":[{"start":{"line":384,"column":4},"end":{"line":384,"column":4}},{"start":{"line":384,"column":4},"end":{"line":384,"column":4}}]},"19":{"line":390,"type":"if","locations":[{"start":{"line":390,"column":4},"end":{"line":390,"column":4}},{"start":{"line":390,"column":4},"end":{"line":390,"column":4}}]},"20":{"line":422,"type":"if","locations":[{"start":{"line":422,"column":4},"end":{"line":422,"column":4}},{"start":{"line":422,"column":4},"end":{"line":422,"column":4}}]}}},"contracts/libraries/JBCurrencies.sol":{"l":{},"path":"/Users/teddywilson/Dev/juice/juice-contracts-v2/contracts/libraries/JBCurrencies.sol","s":{},"b":{},"f":{},"fnMap":{},"statementMap":{},"branchMap":{}},"contracts/libraries/JBFundingCycleMetadataResolver.sol":{"l":{"10":0,"15":0,"24":0,"28":0,"32":0,"36":0,"40":0,"44":0,"48":0,"56":0,"64":0,"68":0,"76":0,"80":0,"88":0,"96":0,"113":0,"115":0,"118":0,"121":0,"123":0,"125":0,"127":0,"129":0,"131":0,"133":0,"135":0,"137":0,"139":0,"141":0,"143":0,"145":0,"147":0},"path":"/Users/teddywilson/Dev/juice/juice-contracts-v2/contracts/libraries/JBFundingCycleMetadataResolver.sol","s":{"1":0,"2":0,"3":0,"4":0,"5":0,"6":0,"7":0,"8":0,"9":0,"10":0,"11":0,"12":0,"13":0,"14":0,"15":0,"16":0,"17":0,"18":0,"19":0,"20":0,"21":0,"22":0,"23":0,"24":0,"25":0,"26":0,"27":0,"28":0,"29":0,"30":0,"31":0,"32":0,"33":0},"b":{},"f":{"1":0,"2":0,"3":0,"4":0,"5":0,"6":0,"7":0,"8":0,"9":0,"10":0,"11":0,"12":0,"13":0,"14":0,"15":0,"16":0,"17":0},"fnMap":{"1":{"name":"reservedRate","line":9,"loc":{"start":{"line":9,"column":2},"end":{"line":11,"column":2}}},"2":{"name":"redemptionRate","line":13,"loc":{"start":{"line":13,"column":2},"end":{"line":16,"column":2}}},"3":{"name":"ballotRedemptionRate","line":18,"loc":{"start":{"line":18,"column":2},"end":{"line":25,"column":2}}},"4":{"name":"payPaused","line":27,"loc":{"start":{"line":27,"column":2},"end":{"line":29,"column":2}}},"5":{"name":"distributionsPaused","line":31,"loc":{"start":{"line":31,"column":2},"end":{"line":33,"column":2}}},"6":{"name":"redeemPaused","line":35,"loc":{"start":{"line":35,"column":2},"end":{"line":37,"column":2}}},"7":{"name":"mintPaused","line":39,"loc":{"start":{"line":39,"column":2},"end":{"line":41,"column":2}}},"8":{"name":"burnPaused","line":43,"loc":{"start":{"line":43,"column":2},"end":{"line":45,"column":2}}},"9":{"name":"changeTokenAllowed","line":47,"loc":{"start":{"line":47,"column":2},"end":{"line":49,"column":2}}},"10":{"name":"terminalMigrationAllowed","line":51,"loc":{"start":{"line":51,"column":2},"end":{"line":57,"column":2}}},"11":{"name":"controllerMigrationAllowed","line":59,"loc":{"start":{"line":59,"column":2},"end":{"line":65,"column":2}}},"12":{"name":"shouldHoldFees","line":67,"loc":{"start":{"line":67,"column":2},"end":{"line":69,"column":2}}},"13":{"name":"shouldUseLocalBalanceForRedemptions","line":71,"loc":{"start":{"line":71,"column":2},"end":{"line":77,"column":2}}},"14":{"name":"useDataSourceForPay","line":79,"loc":{"start":{"line":79,"column":2},"end":{"line":81,"column":2}}},"15":{"name":"useDataSourceForRedeem","line":83,"loc":{"start":{"line":83,"column":2},"end":{"line":89,"column":2}}},"16":{"name":"dataSource","line":91,"loc":{"start":{"line":91,"column":2},"end":{"line":97,"column":2}}},"17":{"name":"packFundingCycleMetadata","line":107,"loc":{"start":{"line":107,"column":2},"end":{"line":148,"column":2}}}},"statementMap":{"1":{"start":{"line":10,"column":4},"end":{"line":10,"column":55}},"2":{"start":{"line":15,"column":4},"end":{"line":15,"column":64}},"3":{"start":{"line":24,"column":4},"end":{"line":24,"column":64}},"4":{"start":{"line":28,"column":4},"end":{"line":28,"column":52}},"5":{"start":{"line":32,"column":4},"end":{"line":32,"column":52}},"6":{"start":{"line":36,"column":4},"end":{"line":36,"column":52}},"7":{"start":{"line":40,"column":4},"end":{"line":40,"column":52}},"8":{"start":{"line":44,"column":4},"end":{"line":44,"column":52}},"9":{"start":{"line":48,"column":4},"end":{"line":48,"column":52}},"10":{"start":{"line":56,"column":4},"end":{"line":56,"column":52}},"11":{"start":{"line":64,"column":4},"end":{"line":64,"column":52}},"12":{"start":{"line":68,"column":4},"end":{"line":68,"column":52}},"13":{"start":{"line":76,"column":4},"end":{"line":76,"column":52}},"14":{"start":{"line":80,"column":4},"end":{"line":80,"column":50}},"15":{"start":{"line":88,"column":4},"end":{"line":88,"column":50}},"16":{"start":{"line":96,"column":4},"end":{"line":96,"column":84}},"17":{"start":{"line":113,"column":4},"end":{"line":113,"column":13}},"18":{"start":{"line":115,"column":4},"end":{"line":115,"column":40}},"19":{"start":{"line":118,"column":4},"end":{"line":118,"column":53}},"20":{"start":{"line":121,"column":4},"end":{"line":121,"column":59}},"21":{"start":{"line":123,"column":4},"end":{"line":123,"column":47}},"22":{"start":{"line":125,"column":4},"end":{"line":125,"column":57}},"23":{"start":{"line":127,"column":4},"end":{"line":127,"column":50}},"24":{"start":{"line":129,"column":4},"end":{"line":129,"column":48}},"25":{"start":{"line":131,"column":4},"end":{"line":131,"column":48}},"26":{"start":{"line":133,"column":4},"end":{"line":133,"column":55}},"27":{"start":{"line":135,"column":4},"end":{"line":135,"column":61}},"28":{"start":{"line":137,"column":4},"end":{"line":137,"column":63}},"29":{"start":{"line":139,"column":4},"end":{"line":139,"column":47}},"30":{"start":{"line":141,"column":4},"end":{"line":141,"column":68}},"31":{"start":{"line":143,"column":4},"end":{"line":143,"column":58}},"32":{"start":{"line":145,"column":4},"end":{"line":145,"column":61}},"33":{"start":{"line":147,"column":4},"end":{"line":147,"column":57}}},"branchMap":{}},"contracts/libraries/JBOperations.sol":{"l":{},"path":"/Users/teddywilson/Dev/juice/juice-contracts-v2/contracts/libraries/JBOperations.sol","s":{},"b":{},"f":{},"fnMap":{},"statementMap":{},"branchMap":{}},"contracts/libraries/JBSplitsGroups.sol":{"l":{},"path":"/Users/teddywilson/Dev/juice/juice-contracts-v2/contracts/libraries/JBSplitsGroups.sol","s":{},"b":{},"f":{},"fnMap":{},"statementMap":{},"branchMap":{}},"contracts/structs/JBDidPayData.sol":{"l":{},"path":"/Users/teddywilson/Dev/juice/juice-contracts-v2/contracts/structs/JBDidPayData.sol","s":{},"b":{},"f":{},"fnMap":{},"statementMap":{},"branchMap":{}},"contracts/structs/JBDidRedeemData.sol":{"l":{},"path":"/Users/teddywilson/Dev/juice/juice-contracts-v2/contracts/structs/JBDidRedeemData.sol","s":{},"b":{},"f":{},"fnMap":{},"statementMap":{},"branchMap":{}},"contracts/structs/JBFee.sol":{"l":{},"path":"/Users/teddywilson/Dev/juice/juice-contracts-v2/contracts/structs/JBFee.sol","s":{},"b":{},"f":{},"fnMap":{},"statementMap":{},"branchMap":{}},"contracts/structs/JBFundAccessConstraints.sol":{"l":{},"path":"/Users/teddywilson/Dev/juice/juice-contracts-v2/contracts/structs/JBFundAccessConstraints.sol","s":{},"b":{},"f":{},"fnMap":{},"statementMap":{},"branchMap":{}},"contracts/structs/JBFundingCycle.sol":{"l":{},"path":"/Users/teddywilson/Dev/juice/juice-contracts-v2/contracts/structs/JBFundingCycle.sol","s":{},"b":{},"f":{},"fnMap":{},"statementMap":{},"branchMap":{}},"contracts/structs/JBFundingCycleData.sol":{"l":{},"path":"/Users/teddywilson/Dev/juice/juice-contracts-v2/contracts/structs/JBFundingCycleData.sol","s":{},"b":{},"f":{},"fnMap":{},"statementMap":{},"branchMap":{}},"contracts/structs/JBFundingCycleMetadata.sol":{"l":{},"path":"/Users/teddywilson/Dev/juice/juice-contracts-v2/contracts/structs/JBFundingCycleMetadata.sol","s":{},"b":{},"f":{},"fnMap":{},"statementMap":{},"branchMap":{}},"contracts/structs/JBGroupedSplits.sol":{"l":{},"path":"/Users/teddywilson/Dev/juice/juice-contracts-v2/contracts/structs/JBGroupedSplits.sol","s":{},"b":{},"f":{},"fnMap":{},"statementMap":{},"branchMap":{}},"contracts/structs/JBOperatorData.sol":{"l":{},"path":"/Users/teddywilson/Dev/juice/juice-contracts-v2/contracts/structs/JBOperatorData.sol","s":{},"b":{},"f":{},"fnMap":{},"statementMap":{},"branchMap":{}},"contracts/structs/JBPayParamsData.sol":{"l":{},"path":"/Users/teddywilson/Dev/juice/juice-contracts-v2/contracts/structs/JBPayParamsData.sol","s":{},"b":{},"f":{},"fnMap":{},"statementMap":{},"branchMap":{}},"contracts/structs/JBRedeemParamsData.sol":{"l":{},"path":"/Users/teddywilson/Dev/juice/juice-contracts-v2/contracts/structs/JBRedeemParamsData.sol","s":{},"b":{},"f":{},"fnMap":{},"statementMap":{},"branchMap":{}},"contracts/structs/JBSplit.sol":{"l":{},"path":"/Users/teddywilson/Dev/juice/juice-contracts-v2/contracts/structs/JBSplit.sol","s":{},"b":{},"f":{},"fnMap":{},"statementMap":{},"branchMap":{}}}