TN:
SF:/Users/teddywilson/Dev/juice/juice-contracts-v2/contracts/abstract/JBControllerUtility.sol
FN:11,onlyController
FN:25,constructor
FNF:2
FNH:0
FNDA:0,onlyController
FNDA:0,constructor
DA:12,0
DA:13,0
DA:26,0
LF:3
LH:0
BRDA:12,1,0,0
BRDA:12,1,1,0
BRF:2
BRH:0
end_of_record
TN:
SF:/Users/teddywilson/Dev/juice/juice-contracts-v2/contracts/abstract/JBOperatable.sol
FN:11,requirePermission
FN:25,requirePermissionAllowingOverride
FN:50,constructor
FNF:3
FNH:0
FNDA:0,requirePermission
FNDA:0,requirePermissionAllowingOverride
FNDA:0,constructor
DA:16,0
DA:22,0
DA:31,0
DA:38,0
DA:51,0
LF:5
LH:0
BRDA:16,1,0,0
BRDA:16,1,1,0
BRDA:31,2,0,0
BRDA:31,2,1,0
BRF:4
BRH:0
end_of_record
TN:
SF:/Users/teddywilson/Dev/juice/juice-contracts-v2/contracts/abstract/JBProject.sol
FN:26,constructor
FN:42,setProjectId
FN:52,pay
FN:69,_fundTreasury
FN:107,_pay
FNF:5
FNH:0
FNDA:0,constructor
FNDA:0,setProjectId
FNDA:0,pay
FNDA:0,_fundTreasury
FNDA:0,_pay
DA:27,0
DA:28,0
DA:35,0
DA:43,0
DA:58,0
DA:77,0
DA:79,0
DA:82,0
DA:85,0
DA:91,0
DA:94,0
DA:113,0
DA:116,0
DA:119,0
DA:121,0
LF:15
LH:0
BRDA:79,1,0,0
BRDA:79,1,1,0
BRDA:85,2,0,0
BRDA:85,2,1,0
BRDA:91,3,0,0
BRDA:91,3,1,0
BRDA:113,4,0,0
BRDA:113,4,1,0
BRDA:119,5,0,0
BRDA:119,5,1,0
BRF:10
BRH:0
end_of_record
TN:
SF:/Users/teddywilson/Dev/juice/juice-contracts-v2/contracts/abstract/JBTerminalUtility.sol
FN:11,onlyTerminal
FN:25,constructor
FNF:2
FNH:0
FNDA:0,onlyTerminal
FNDA:0,constructor
DA:12,0
DA:13,0
DA:26,0
LF:3
LH:0
BRDA:12,1,0,0
BRDA:12,1,1,0
BRF:2
BRH:0
end_of_record
TN:
SF:/Users/teddywilson/Dev/juice/juice-contracts-v2/contracts/enums/JBBallotState.sol
FNF:0
FNH:0
LF:0
LH:0
BRF:0
BRH:0
end_of_record
TN:
SF:/Users/teddywilson/Dev/juice/juice-contracts-v2/contracts/interfaces/IJBController.sol
FNF:0
FNH:0
LF:0
LH:0
BRF:0
BRH:0
end_of_record
TN:
SF:/Users/teddywilson/Dev/juice/juice-contracts-v2/contracts/interfaces/IJBControllerUtility.sol
FNF:0
FNH:0
LF:0
LH:0
BRF:0
BRH:0
end_of_record
TN:
SF:/Users/teddywilson/Dev/juice/juice-contracts-v2/contracts/interfaces/IJBDirectory.sol
FNF:0
FNH:0
LF:0
LH:0
BRF:0
BRH:0
end_of_record
TN:
SF:/Users/teddywilson/Dev/juice/juice-contracts-v2/contracts/interfaces/IJBETHPaymentTerminal.sol
FNF:0
FNH:0
LF:0
LH:0
BRF:0
BRH:0
end_of_record
TN:
SF:/Users/teddywilson/Dev/juice/juice-contracts-v2/contracts/interfaces/IJBFundingCycleBallot.sol
FNF:0
FNH:0
LF:0
LH:0
BRF:0
BRH:0
end_of_record
TN:
SF:/Users/teddywilson/Dev/juice/juice-contracts-v2/contracts/interfaces/IJBFundingCycleDataSource.sol
FNF:0
FNH:0
LF:0
LH:0
BRF:0
BRH:0
end_of_record
TN:
SF:/Users/teddywilson/Dev/juice/juice-contracts-v2/contracts/interfaces/IJBFundingCycleStore.sol
FNF:0
FNH:0
LF:0
LH:0
BRF:0
BRH:0
end_of_record
TN:
SF:/Users/teddywilson/Dev/juice/juice-contracts-v2/contracts/interfaces/IJBOperatable.sol
FNF:0
FNH:0
LF:0
LH:0
BRF:0
BRH:0
end_of_record
TN:
SF:/Users/teddywilson/Dev/juice/juice-contracts-v2/contracts/interfaces/IJBOperatorStore.sol
FNF:0
FNH:0
LF:0
LH:0
BRF:0
BRH:0
end_of_record
TN:
SF:/Users/teddywilson/Dev/juice/juice-contracts-v2/contracts/interfaces/IJBPayDelegate.sol
FNF:0
FNH:0
LF:0
LH:0
BRF:0
BRH:0
end_of_record
TN:
SF:/Users/teddywilson/Dev/juice/juice-contracts-v2/contracts/interfaces/IJBPrices.sol
FNF:0
FNH:0
LF:0
LH:0
BRF:0
BRH:0
end_of_record
TN:
SF:/Users/teddywilson/Dev/juice/juice-contracts-v2/contracts/interfaces/IJBProjects.sol
FNF:0
FNH:0
LF:0
LH:0
BRF:0
BRH:0
end_of_record
TN:
SF:/Users/teddywilson/Dev/juice/juice-contracts-v2/contracts/interfaces/IJBRedemptionDelegate.sol
FNF:0
FNH:0
LF:0
LH:0
BRF:0
BRH:0
end_of_record
TN:
SF:/Users/teddywilson/Dev/juice/juice-contracts-v2/contracts/interfaces/IJBSplitAllocator.sol
FNF:0
FNH:0
LF:0
LH:0
BRF:0
BRH:0
end_of_record
TN:
SF:/Users/teddywilson/Dev/juice/juice-contracts-v2/contracts/interfaces/IJBSplitsStore.sol
FNF:0
FNH:0
LF:0
LH:0
BRF:0
BRH:0
end_of_record
TN:
SF:/Users/teddywilson/Dev/juice/juice-contracts-v2/contracts/interfaces/IJBTerminal.sol
FNF:0
FNH:0
LF:0
LH:0
BRF:0
BRH:0
end_of_record
TN:
SF:/Users/teddywilson/Dev/juice/juice-contracts-v2/contracts/interfaces/IJBTerminalUtility.sol
FNF:0
FNH:0
LF:0
LH:0
BRF:0
BRH:0
end_of_record
TN:
SF:/Users/teddywilson/Dev/juice/juice-contracts-v2/contracts/interfaces/IJBToken.sol
FNF:0
FNH:0
LF:0
LH:0
BRF:0
BRH:0
end_of_record
TN:
SF:/Users/teddywilson/Dev/juice/juice-contracts-v2/contracts/interfaces/IJBTokenStore.sol
FNF:0
FNH:0
LF:0
LH:0
BRF:0
BRH:0
end_of_record
TN:
SF:/Users/teddywilson/Dev/juice/juice-contracts-v2/contracts/interfaces/IJBVault.sol
FNF:0
FNH:0
LF:0
LH:0
BRF:0
BRH:0
end_of_record
TN:
SF:/Users/teddywilson/Dev/juice/juice-contracts-v2/contracts/JBController.sol
FN:191,reservedTokenBalanceOf
FN:224,constructor
FN:286,launchProjectFor
FN:372,reconfigureFundingCyclesOf
FN:407,issueTokenFor
FN:432,changeTokenOf
FN:476,mintTokensOf
FN:544,burnTokensOf
FN:580,distributeReservedTokensOf
FN:592,prepForMigrationOf
FN:613,migrate
FN:645,_distributeReservedTokensOf
FN:698,_distributeToReservedTokenSplitsOf
FN:771,_reservedTokenAmountFrom
FN:799,_configure
FNF:15
FNH:0
FNDA:0,reservedTokenBalanceOf
FNDA:0,constructor
FNDA:0,launchProjectFor
FNDA:0,reconfigureFundingCyclesOf
FNDA:0,issueTokenFor
FNDA:0,changeTokenOf
FNDA:0,mintTokensOf
FNDA:0,burnTokensOf
FNDA:0,distributeReservedTokensOf
FNDA:0,prepForMigrationOf
FNDA:0,migrate
FNDA:0,_distributeReservedTokensOf
FNDA:0,_distributeToReservedTokenSplitsOf
FNDA:0,_reservedTokenAmountFrom
FNDA:0,_configure
DA:197,0
DA:225,0
DA:226,0
DA:227,0
DA:228,0
DA:297,0
DA:300,0
DA:303,0
DA:306,0
DA:309,0
DA:311,0
DA:314,0
DA:376,0
DA:379,0
DA:382,0
DA:384,0
DA:411,0
DA:435,0
DA:438,0
DA:441,0
DA:480,0
DA:483,0
DA:486,0
DA:489,0
DA:494,0
DA:496,0
DA:501,0
DA:504,0
DA:506,0
DA:508,0
DA:513,0
DA:547,0
DA:550,0
DA:553,0
DA:559,0
DA:564,0
DA:566,0
DA:583,0
DA:594,0
DA:597,0
DA:616,0
DA:619,0
DA:622,0
DA:625,0
DA:626,0
DA:629,0
DA:632,0
DA:634,0
DA:650,0
DA:653,0
DA:656,0
DA:663,0
DA:666,0
DA:669,0
DA:674,0
DA:676,0
DA:704,0
DA:707,0
DA:714,0
DA:716,0
DA:719,0
DA:722,0
DA:723,0
DA:736,0
DA:737,0
DA:747,0
DA:750,0
DA:777,0
DA:782,0
DA:785,0
DA:787,0
DA:807,0
DA:813,0
DA:815,0
DA:816,0
DA:824,0
DA:825,0
DA:828,0
DA:829,0
DA:834,0
DA:835,0
DA:839,0
DA:840,0
DA:843,0
DA:852,0
LF:85
LH:0
BRDA:297,1,0,0
BRDA:297,1,1,0
BRDA:300,2,0,0
BRDA:300,2,1,0
BRDA:303,3,0,0
BRDA:303,3,1,0
BRDA:314,4,0,0
BRDA:314,4,1,0
BRDA:376,5,0,0
BRDA:376,5,1,0
BRDA:379,6,0,0
BRDA:379,6,1,0
BRDA:382,7,0,0
BRDA:382,7,1,0
BRDA:438,8,0,0
BRDA:438,8,1,0
BRDA:480,9,0,0
BRDA:480,9,1,0
BRDA:483,10,0,0
BRDA:483,10,1,0
BRDA:489,11,0,0
BRDA:489,11,1,0
BRDA:494,12,0,0
BRDA:494,12,1,0
BRDA:506,13,0,0
BRDA:506,13,1,0
BRDA:547,14,0,0
BRDA:547,14,1,0
BRDA:553,15,0,0
BRDA:553,15,1,0
BRDA:594,16,0,0
BRDA:594,16,1,0
BRDA:616,17,0,0
BRDA:616,17,1,0
BRDA:622,18,0,0
BRDA:622,18,1,0
BRDA:625,19,0,0
BRDA:625,19,1,0
BRDA:674,20,0,0
BRDA:674,20,1,0
BRDA:722,21,0,0
BRDA:722,21,1,0
BRDA:736,22,0,0
BRDA:736,22,1,0
BRDA:782,23,0,0
BRDA:782,23,1,0
BRDA:785,24,0,0
BRDA:785,24,1,0
BRDA:815,25,0,0
BRDA:815,25,1,0
BRDA:828,26,0,0
BRDA:828,26,1,0
BRDA:834,27,0,0
BRDA:834,27,1,0
BRDA:839,28,0,0
BRDA:839,28,1,0
BRF:56
BRH:0
end_of_record
TN:
SF:/Users/teddywilson/Dev/juice/juice-contracts-v2/contracts/JBDirectory.sol
FN:69,terminalsOf
FN:82,isTerminalOf
FN:102,isTerminalDelegateOf
FN:125,primaryTerminalOf
FN:153,constructor
FN:183,setControllerOf
FN:221,addTerminalsOf
FN:250,removeTerminalOf
FN:284,setPrimaryTerminalOf
FNF:9
FNH:0
FNDA:0,terminalsOf
FNDA:0,isTerminalOf
FNDA:0,isTerminalDelegateOf
FNDA:0,primaryTerminalOf
FNDA:0,constructor
FNDA:0,setControllerOf
FNDA:0,addTerminalsOf
FNDA:0,removeTerminalOf
FNDA:0,setPrimaryTerminalOf
DA:70,0
DA:88,0
DA:89,0
DA:90,0
DA:108,0
DA:109,0
DA:110,0
DA:132,0
DA:133,0
DA:136,0
DA:137,0
DA:138,0
DA:142,0
DA:154,0
DA:186,0
DA:189,0
DA:192,0
DA:195,0
DA:198,0
DA:200,0
DA:223,0
DA:225,0
DA:228,0
DA:231,0
DA:233,0
DA:253,0
DA:256,0
DA:259,0
DA:261,0
DA:264,0
DA:265,0
DA:267,0
DA:287,0
DA:290,0
DA:293,0
DA:295,0
LF:36
LH:0
BRDA:89,1,0,0
BRDA:89,1,1,0
BRDA:109,2,0,0
BRDA:109,2,1,0
BRDA:132,3,0,0
BRDA:132,3,1,0
BRDA:138,4,0,0
BRDA:138,4,1,0
BRDA:189,5,0,0
BRDA:189,5,1,0
BRDA:192,6,0,0
BRDA:192,6,1,0
BRDA:195,7,0,0
BRDA:195,7,1,0
BRDA:225,8,0,0
BRDA:225,8,1,0
BRDA:228,9,0,0
BRDA:228,9,1,0
BRDA:261,10,0,0
BRDA:261,10,1,0
BRDA:264,11,0,0
BRDA:264,11,1,0
BRDA:287,12,0,0
BRDA:287,12,1,0
BRF:24
BRH:0
end_of_record
TN:
SF:/Users/teddywilson/Dev/juice/juice-contracts-v2/contracts/JBETHPaymentTerminal.sol
FN:115,ethBalanceOf
FN:130,remainingDistributionLimitOf
FN:152,heldFeesOf
FN:162,delegate
FN:186,constructor
FN:217,pay
FN:258,distributePayoutsOf
FN:335,useAllowanceOf
FN:409,redeemTokensOf
FN:459,migrate
FN:481,addToBalanceOf
FN:511,processFees
FN:539,setFee
FN:564,_distributeToPayoutSplitsOf
FN:661,_takeFeeFrom
FN:687,_takeFee
FN:705,_pay
FN:752,_refundHeldFees
FNF:18
FNH:0
FNDA:0,ethBalanceOf
FNDA:0,remainingDistributionLimitOf
FNDA:0,heldFeesOf
FNDA:0,delegate
FNDA:0,constructor
FNDA:0,pay
FNDA:0,distributePayoutsOf
FNDA:0,useAllowanceOf
FNDA:0,redeemTokensOf
FNDA:0,migrate
FNDA:0,addToBalanceOf
FNDA:0,processFees
FNDA:0,setFee
FNDA:0,_distributeToPayoutSplitsOf
FNDA:0,_takeFeeFrom
FNDA:0,_takeFee
FNDA:0,_pay
FNDA:0,_refundHeldFees
DA:117,0
DA:136,0
DA:153,0
DA:164,0
DA:187,0
DA:188,0
DA:189,0
DA:192,0
DA:194,0
DA:196,0
DA:225,0
DA:260,0
DA:269,0
DA:272,0
DA:277,0
DA:289,0
DA:297,0
DA:298,0
DA:300,0
DA:338,0
DA:347,0
DA:350,0
DA:355,0
DA:366,0
DA:368,0
DA:413,0
DA:416,0
DA:419,0
DA:430,0
DA:432,0
DA:462,0
DA:465,0
DA:467,0
DA:469,0
DA:471,0
DA:483,0
DA:486,0
DA:489,0
DA:491,0
DA:514,0
DA:517,0
DA:518,0
DA:525,0
DA:527,0
DA:541,0
DA:544,0
DA:546,0
DA:571,0
DA:574,0
DA:581,0
DA:583,0
DA:586,0
DA:588,0
DA:591,0
DA:592,0
DA:603,0
DA:606,0
DA:609,0
DA:610,0
DA:620,0
DA:631,0
DA:635,0
DA:638,0
DA:669,0
DA:672,0
DA:674,0
DA:693,0
DA:696,0
DA:715,0
DA:717,0
DA:718,0
DA:719,0
DA:722,0
DA:732,0
DA:754,0
DA:757,0
DA:760,0
DA:761,0
DA:762,0
DA:764,0
DA:766,0
DA:774,0
LF:82
LH:0
BRDA:297,1,0,0
BRDA:297,1,1,0
BRDA:413,2,0,0
BRDA:413,2,1,0
BRDA:430,3,0,0
BRDA:430,3,1,0
BRDA:462,4,0,0
BRDA:462,4,1,0
BRDA:467,5,0,0
BRDA:467,5,1,0
BRDA:483,6,0,0
BRDA:483,6,1,0
BRDA:541,7,0,0
BRDA:541,7,1,0
BRDA:588,8,0,0
BRDA:588,8,1,0
BRDA:591,9,0,0
BRDA:591,9,1,0
BRDA:601,10,0,0
BRDA:601,10,1,0
BRDA:606,11,0,0
BRDA:606,11,1,0
BRDA:609,12,0,0
BRDA:609,12,1,0
BRDA:672,13,0,0
BRDA:672,13,1,0
BRDA:715,14,0,0
BRDA:715,14,1,0
BRDA:761,15,0,0
BRDA:761,15,1,0
BRDA:763,16,0,0
BRDA:763,16,1,0
BRF:32
BRH:0
end_of_record
TN:
SF:/Users/teddywilson/Dev/juice/juice-contracts-v2/contracts/JBETHPaymentTerminalStore.sol
FN:34,onlyAssociatedPaymentTerminal
FN:127,currentOverflowOf
FN:142,currentTotalOverflowOf
FN:160,claimableOverflowOf
FN:179,constructor
FN:234,recordPaymentFrom
FN:331,recordDistributionFor
FN:404,recordUsedAllowanceOf
FN:483,recordRedemptionFor
FN:569,recordAddedBalanceFor
FN:589,recordMigration
FN:609,claimFor
FN:625,_claimableOverflowOf
FN:688,_overflowDuring
FN:736,_totalOverflowDuring
FNF:15
FNH:0
FNDA:0,onlyAssociatedPaymentTerminal
FNDA:0,currentOverflowOf
FNDA:0,currentTotalOverflowOf
FNDA:0,claimableOverflowOf
FNDA:0,constructor
FNDA:0,recordPaymentFrom
FNDA:0,recordDistributionFor
FNDA:0,recordUsedAllowanceOf
FNDA:0,recordRedemptionFor
FNDA:0,recordAddedBalanceFor
FNDA:0,recordMigration
FNDA:0,claimFor
FNDA:0,_claimableOverflowOf
FNDA:0,_overflowDuring
FNDA:0,_totalOverflowDuring
DA:35,0
DA:36,0
DA:129,0
DA:131,0
DA:144,0
DA:146,0
DA:165,0
DA:186,0
DA:187,0
DA:188,0
DA:189,0
DA:190,0
DA:243,0
DA:246,0
DA:249,0
DA:252,0
DA:255,0
DA:256,0
DA:269,0
DA:270,0
DA:274,0
DA:277,0
DA:279,0
DA:280,0
DA:290,0
DA:293,0
DA:294,0
DA:304,0
DA:305,0
DA:335,0
DA:338,0
DA:341,0
DA:352,0
DA:356,0
DA:368,0
DA:373,0
DA:376,0
DA:379,0
DA:382,0
DA:408,0
DA:411,0
DA:423,0
DA:428,0
DA:440,0
DA:443,0
DA:446,0
DA:451,0
DA:491,0
DA:494,0
DA:497,0
DA:500,0
DA:503,0
DA:504,0
DA:516,0
DA:517,0
DA:521,0
DA:524,0
DA:527,0
DA:528,0
DA:537,0
DA:540,0
DA:541,0
DA:550,0
DA:551,0
DA:573,0
DA:576,0
DA:593,0
DA:596,0
DA:599,0
DA:602,0
DA:611,0
DA:614,0
DA:632,0
DA:637,0
DA:640,0
DA:643,0
DA:649,0
DA:652,0
DA:655,0
DA:661,0
DA:664,0
DA:667,0
DA:668,0
DA:694,0
DA:697,0
DA:700,0
DA:707,0
DA:714,0
DA:721,0
DA:742,0
DA:745,0
DA:746,0
DA:748,0
DA:749,0
DA:752,0
DA:759,0
DA:766,0
DA:781,0
LF:98
LH:0
BRDA:35,1,0,0
BRDA:35,1,1,0
BRDA:246,2,0,0
BRDA:246,2,1,0
BRDA:249,3,0,0
BRDA:249,3,1,0
BRDA:255,4,0,0
BRDA:255,4,1,0
BRDA:277,5,0,0
BRDA:277,5,1,0
BRDA:279,6,0,0
BRDA:279,6,1,0
BRDA:290,7,0,0
BRDA:290,7,1,0
BRDA:293,8,0,0
BRDA:293,8,1,0
BRDA:338,9,0,0
BRDA:338,9,1,0
BRDA:341,10,0,0
BRDA:341,10,1,0
BRDA:356,11,0,0
BRDA:356,11,1,0
BRDA:373,12,0,0
BRDA:373,12,1,0
BRDA:376,13,0,0
BRDA:376,13,1,0
BRDA:411,14,0,0
BRDA:411,14,1,0
BRDA:428,15,0,0
BRDA:428,15,1,0
BRDA:440,16,0,0
BRDA:440,16,1,0
BRDA:443,17,0,0
BRDA:443,17,1,0
BRDA:491,18,0,0
BRDA:491,18,1,0
BRDA:497,19,0,0
BRDA:497,19,1,0
BRDA:503,20,0,0
BRDA:503,20,1,0
BRDA:521,21,0,0
BRDA:521,21,1,0
BRDA:524,22,0,0
BRDA:524,22,1,0
BRDA:527,23,0,0
BRDA:527,23,1,0
BRDA:537,24,0,0
BRDA:537,24,1,0
BRDA:540,25,0,0
BRDA:540,25,1,0
BRDA:596,26,0,0
BRDA:596,26,1,0
BRDA:611,27,0,0
BRDA:611,27,1,0
BRDA:637,28,0,0
BRDA:637,28,1,0
BRDA:649,29,0,0
BRDA:649,29,1,0
BRDA:652,30,0,0
BRDA:652,30,1,0
BRDA:661,31,0,0
BRDA:661,31,1,0
BRDA:667,32,0,0
BRDA:667,32,1,0
BRDA:697,33,0,0
BRDA:697,33,1,0
BRF:66
BRH:0
end_of_record
TN:
SF:/Users/teddywilson/Dev/juice/juice-contracts-v2/contracts/JBFundingCycleStore.sol
FN:70,get
FN:90,queuedOf
FN:140,currentOf
FN:201,currentBallotStateOf
FN:224,constructor
FN:255,configureFor
FN:301,_configureIntrinsicProperiesFor
FN:372,_initFor
FN:420,_updateAndStoreIntrinsicPropertiesOf
FN:460,_packAndStoreIntrinsicPropertiesOf
FN:491,_packAndStoreUserPropertiesOf
FN:524,_standbyOf
FN:549,_eligibleOf
FN:591,_mockFundingCycleBasedOn
FN:638,_getStructFor
FN:673,_deriveStartFrom
FN:707,_deriveWeightFrom
FN:748,_deriveNumberFrom
FN:772,_isConfigurationApproved
FN:790,_isApproved
FN:810,_ballotStateOf
FN:841,_getLatestTimeAfterBallotOf
FNF:22
FNH:0
FNDA:0,get
FNDA:0,queuedOf
FNDA:0,currentOf
FNDA:0,currentBallotStateOf
FNDA:0,constructor
FNDA:0,configureFor
FNDA:0,_configureIntrinsicProperiesFor
FNDA:0,_initFor
FNDA:0,_updateAndStoreIntrinsicPropertiesOf
FNDA:0,_packAndStoreIntrinsicPropertiesOf
FNDA:0,_packAndStoreUserPropertiesOf
FNDA:0,_standbyOf
FNDA:0,_eligibleOf
FNDA:0,_mockFundingCycleBasedOn
FNDA:0,_getStructFor
FNDA:0,_deriveStartFrom
FNDA:0,_deriveWeightFrom
FNDA:0,_deriveNumberFrom
FNDA:0,_isConfigurationApproved
FNDA:0,_isApproved
FNDA:0,_ballotStateOf
FNDA:0,_getLatestTimeAfterBallotOf
DA:76,0
DA:92,0
DA:95,0
DA:98,0
DA:99,0
DA:102,0
DA:105,0
DA:108,0
DA:111,0
DA:115,0
DA:116,0
DA:119,0
DA:122,0
DA:126,0
DA:147,0
DA:150,0
DA:153,0
DA:156,0
DA:158,0
DA:162,0
DA:166,0
DA:170,0
DA:173,0
DA:176,0
DA:179,0
DA:180,0
DA:184,0
DA:187,0
DA:190,0
DA:203,0
DA:206,0
DA:209,0
DA:212,0
DA:214,0
DA:257,0
DA:260,0
DA:263,0
DA:266,0
DA:269,0
DA:272,0
DA:281,0
DA:283,0
DA:286,0
DA:307,0
DA:308,0
DA:309,0
DA:313,0
DA:316,0
DA:318,0
DA:324,0
DA:332,0
DA:336,0
DA:339,0
DA:341,0
DA:343,0
DA:346,0
DA:349,0
DA:352,0
DA:356,0
DA:359,0
DA:380,0
DA:382,0
DA:385,0
DA:395,0
DA:405,0
DA:407,0
DA:428,0
DA:431,0
DA:436,0
DA:439,0
DA:469,0
DA:471,0
DA:473,0
DA:475,0
DA:478,0
DA:499,0
DA:500,0
DA:503,0
DA:505,0
DA:507,0
DA:510,0
DA:526,0
DA:529,0
DA:532,0
DA:535,0
DA:551,0
DA:554,0
DA:557,0
DA:561,0
DA:566,0
DA:570,0
DA:576,0
DA:597,0
DA:602,0
DA:607,0
DA:613,0
DA:615,0
DA:644,0
DA:646,0
DA:648,0
DA:650,0
DA:651,0
DA:652,0
DA:653,0
DA:655,0
DA:657,0
DA:658,0
DA:659,0
DA:661,0
DA:679,0
DA:682,0
DA:685,0
DA:688,0
DA:692,0
DA:695,0
DA:713,0
DA:714,0
DA:722,0
DA:725,0
DA:728,0
DA:731,0
DA:733,0
DA:736,0
DA:754,0
DA:757,0
DA:760,0
DA:777,0
DA:778,0
DA:795,0
DA:816,0
DA:819,0
DA:823,0
DA:847,0
DA:850,0
DA:853,0
LF:135
LH:0
BRDA:92,1,0,0
BRDA:92,1,1,0
BRDA:98,2,0,0
BRDA:98,2,1,0
BRDA:108,3,0,0
BRDA:108,3,1,0
BRDA:111,4,0,0
BRDA:111,4,1,0
BRDA:115,5,0,0
BRDA:115,5,1,0
BRDA:122,6,0,0
BRDA:122,6,1,0
BRDA:147,7,0,0
BRDA:147,7,1,0
BRDA:156,8,0,0
BRDA:156,8,1,0
BRDA:162,9,0,0
BRDA:162,9,1,0
BRDA:176,10,0,0
BRDA:176,10,1,0
BRDA:179,11,0,0
BRDA:179,11,1,0
BRDA:184,12,0,0
BRDA:184,12,1,0
BRDA:206,13,0,0
BRDA:206,13,1,0
BRDA:212,14,0,0
BRDA:212,14,1,0
BRDA:257,15,0,0
BRDA:257,15,1,0
BRDA:260,16,0,0
BRDA:260,16,1,0
BRDA:263,17,0,0
BRDA:263,17,1,0
BRDA:281,18,0,0
BRDA:281,18,1,0
BRDA:307,19,0,0
BRDA:307,19,1,0
BRDA:316,20,0,0
BRDA:316,20,1,0
BRDA:339,21,0,0
BRDA:339,21,1,0
BRDA:343,22,0,0
BRDA:343,22,1,0
BRDA:352,23,0,0
BRDA:352,23,1,0
BRDA:380,24,0,0
BRDA:380,24,1,0
BRDA:499,25,0,0
BRDA:499,25,1,0
BRDA:529,26,0,0
BRDA:529,26,1,0
BRDA:535,27,0,0
BRDA:535,27,1,0
BRDA:554,28,0,0
BRDA:554,28,1,0
BRDA:561,29,0,0
BRDA:561,29,1,0
BRDA:570,30,0,0
BRDA:570,30,1,0
BRDA:597,31,0,0
BRDA:597,31,1,0
BRDA:644,32,0,0
BRDA:644,32,1,0
BRDA:679,33,0,0
BRDA:679,33,1,0
BRDA:685,34,0,0
BRDA:685,34,1,0
BRDA:713,35,0,0
BRDA:713,35,1,0
BRDA:725,36,0,0
BRDA:725,36,1,0
BRDA:754,37,0,0
BRDA:754,37,1,0
BRDA:816,38,0,0
BRDA:816,38,1,0
BRDA:847,39,0,0
BRDA:847,39,1,0
BRF:78
BRH:0
end_of_record
TN:
SF:/Users/teddywilson/Dev/juice/juice-contracts-v2/contracts/JBOperatorStore.sol
FN:45,hasPermission
FN:66,hasPermissions
FN:99,setOperator
FN:127,setOperators
FN:157,_packedPermissions
FNF:5
FNH:0
FNDA:0,hasPermission
FNDA:0,hasPermissions
FNDA:0,setOperator
FNDA:0,setOperators
FNDA:0,_packedPermissions
DA:51,0
DA:52,0
DA:72,0
DA:73,0
DA:75,0
DA:77,0
DA:78,0
DA:80,0
DA:101,0
DA:104,0
DA:106,0
DA:128,0
DA:130,0
DA:133,0
DA:135,0
DA:158,0
DA:159,0
DA:160,0
DA:162,0
LF:19
LH:0
BRDA:51,1,0,0
BRDA:51,1,1,0
BRDA:75,2,0,0
BRDA:75,2,1,0
BRDA:77,3,0,0
BRDA:77,3,1,0
BRDA:160,4,0,0
BRDA:160,4,1,0
BRF:8
BRH:0
end_of_record
TN:
SF:/Users/teddywilson/Dev/juice/juice-contracts-v2/contracts/JBPrices.sol
FN:48,priceFor
FN:81,constructor
FN:105,addFeedFor
FNF:3
FNH:0
FNDA:0,priceFor
FNDA:0,constructor
FNDA:0,addFeedFor
DA:50,0
DA:53,0
DA:56,0
DA:59,0
DA:62,0
DA:65,0
DA:66,0
DA:68,0
DA:70,0
DA:83,0
DA:107,0
DA:110,0
DA:112,0
LF:13
LH:0
BRDA:50,1,0,0
BRDA:50,1,1,0
BRDA:56,2,0,0
BRDA:56,2,1,0
BRDA:65,3,0,0
BRDA:65,3,1,0
BRDA:67,4,0,0
BRDA:67,4,1,0
BRDA:107,5,0,0
BRDA:107,5,1,0
BRF:10
BRH:0
end_of_record
TN:
SF:/Users/teddywilson/Dev/juice/juice-contracts-v2/contracts/JBProjects.sol
FN:101,constructor
FN:121,createFor
FN:165,setHandleOf
FN:199,setMetadataCidOf
FN:227,transferHandleOf
FN:277,claimHandle
FN:312,challengeHandle
FN:343,renewHandleOf
FNF:8
FNH:0
FNDA:0,constructor
FNDA:0,createFor
FNDA:0,setHandleOf
FNDA:0,setMetadataCidOf
FNDA:0,transferHandleOf
FNDA:0,claimHandle
FNDA:0,challengeHandle
FNDA:0,renewHandleOf
DA:127,0
DA:130,0
DA:133,0
DA:136,0
DA:139,0
DA:142,0
DA:145,0
DA:147,0
DA:149,0
DA:168,0
DA:171,0
DA:174,0
DA:177,0
DA:180,0
DA:182,0
DA:202,0
DA:204,0
DA:231,0
DA:234,0
DA:240,0
DA:243,0
DA:246,0
DA:249,0
DA:252,0
DA:254,0
DA:281,0
DA:288,0
DA:291,0
DA:294,0
DA:297,0
DA:300,0
DA:302,0
DA:314,0
DA:317,0
DA:320,0
DA:323,0
DA:326,0
DA:328,0
DA:346,0
DA:349,0
DA:351,0
LF:41
LH:0
BRDA:127,1,0,0
BRDA:127,1,1,0
BRDA:130,2,0,0
BRDA:130,2,1,0
BRDA:145,3,0,0
BRDA:145,3,1,0
BRDA:168,4,0,0
BRDA:168,4,1,0
BRDA:171,5,0,0
BRDA:171,5,1,0
BRDA:231,6,0,0
BRDA:231,6,1,0
BRDA:234,7,0,0
BRDA:234,7,1,0
BRDA:281,8,0,0
BRDA:281,8,1,0
BRDA:317,9,0,0
BRDA:317,9,1,0
BRDA:320,10,0,0
BRDA:320,10,1,0
BRF:20
BRH:0
end_of_record
TN:
SF:/Users/teddywilson/Dev/juice/juice-contracts-v2/contracts/JBSplitsStore.sol
FN:60,splitsOf
FN:81,constructor
FN:118,set
FNF:3
FNH:0
FNDA:0,splitsOf
FNDA:0,constructor
FNDA:0,set
DA:65,0
DA:82,0
DA:83,0
DA:121,0
DA:124,0
DA:126,0
DA:129,0
DA:131,0
DA:133,0
DA:142,0
DA:146,0
DA:149,0
DA:151,0
DA:153,0
DA:156,0
DA:163,0
DA:166,0
DA:169,0
DA:171,0
LF:19
LH:0
BRDA:126,1,0,0
BRDA:126,1,1,0
BRDA:133,2,0,0
BRDA:133,2,1,0
BRDA:142,3,0,0
BRDA:142,3,1,0
BRDA:153,4,0,0
BRDA:153,4,1,0
BRDA:156,5,0,0
BRDA:156,5,1,0
BRDA:166,6,0,0
BRDA:166,6,1,0
BRF:12
BRH:0
end_of_record
TN:
SF:/Users/teddywilson/Dev/juice/juice-contracts-v2/contracts/JBToken.sol
FN:14,totalSupply
FN:18,balanceOf
FN:32,constructor
FN:53,mint
FN:71,burn
FN:91,transferOwnership
FNF:6
FNH:0
FNDA:0,totalSupply
FNDA:0,balanceOf
FNDA:0,constructor
FNDA:0,mint
FNDA:0,burn
FNDA:0,transferOwnership
DA:15,0
DA:19,0
DA:54,0
DA:72,0
DA:93,0
LF:5
LH:0
BRF:0
BRH:0
end_of_record
TN:
SF:/Users/teddywilson/Dev/juice/juice-contracts-v2/contracts/JBTokenStore.sol
FN:86,totalSupplyOf
FN:106,balanceOf
FN:135,constructor
FN:161,issueFor
FN:195,changeFor
FN:226,mintFor
FN:266,burnFrom
FN:330,claimFor
FN:376,transferTo
FN:416,shouldRequireClaimingFor
FNF:10
FNH:0
FNDA:0,totalSupplyOf
FNDA:0,balanceOf
FNDA:0,constructor
FNDA:0,issueFor
FNDA:0,changeFor
FNDA:0,mintFor
FNDA:0,burnFrom
FNDA:0,claimFor
FNDA:0,transferTo
FNDA:0,shouldRequireClaimingFor
DA:88,0
DA:91,0
DA:94,0
DA:113,0
DA:116,0
DA:119,0
DA:136,0
DA:163,0
DA:166,0
DA:169,0
DA:172,0
DA:175,0
DA:177,0
DA:197,0
DA:200,0
DA:203,0
DA:204,0
DA:206,0
DA:228,0
DA:231,0
DA:234,0
DA:237,0
DA:239,0
DA:242,0
DA:243,0
DA:246,0
DA:268,0
DA:271,0
DA:274,0
DA:280,0
DA:288,0
DA:291,0
DA:292,0
DA:295,0
DA:298,0
DA:302,0
DA:305,0
DA:306,0
DA:308,0
DA:311,0
DA:316,0
DA:336,0
DA:339,0
DA:342,0
DA:345,0
DA:348,0
DA:351,0
DA:354,0
DA:356,0
DA:378,0
DA:381,0
DA:384,0
DA:387,0
DA:390,0
DA:393,0
DA:396,0
DA:400,0
DA:419,0
DA:422,0
DA:425,0
DA:427,0
LF:61
LH:0
BRDA:94,1,0,0
BRDA:94,1,1,0
BRDA:119,2,0,0
BRDA:119,2,1,0
BRDA:163,3,0,0
BRDA:163,3,1,0
BRDA:166,4,0,0
BRDA:166,4,1,0
BRDA:169,5,0,0
BRDA:169,5,1,0
BRDA:203,6,0,0
BRDA:203,6,1,0
BRDA:228,7,0,0
BRDA:228,7,1,0
BRDA:237,8,0,0
BRDA:237,8,1,0
BRDA:280,9,0,0
BRDA:280,9,1,0
BRDA:291,10,0,0
BRDA:291,10,1,0
BRDA:294,11,0,0
BRDA:294,11,1,0
BRDA:305,12,0,0
BRDA:305,12,1,0
BRDA:306,13,0,0
BRDA:306,13,1,0
BRDA:339,14,0,0
BRDA:339,14,1,0
BRDA:345,15,0,0
BRDA:345,15,1,0
BRDA:378,16,0,0
BRDA:378,16,1,0
BRDA:381,17,0,0
BRDA:381,17,1,0
BRDA:384,18,0,0
BRDA:384,18,1,0
BRDA:390,19,0,0
BRDA:390,19,1,0
BRDA:422,20,0,0
BRDA:422,20,1,0
BRF:40
BRH:0
end_of_record
TN:
SF:/Users/teddywilson/Dev/juice/juice-contracts-v2/contracts/libraries/JBCurrencies.sol
FNF:0
FNH:0
LF:0
LH:0
BRF:0
BRH:0
end_of_record
TN:
SF:/Users/teddywilson/Dev/juice/juice-contracts-v2/contracts/libraries/JBFundingCycleMetadataResolver.sol
FN:9,reservedRate
FN:13,redemptionRate
FN:18,ballotRedemptionRate
FN:27,payPaused
FN:31,distributionsPaused
FN:35,redeemPaused
FN:39,mintPaused
FN:43,burnPaused
FN:47,changeTokenAllowed
FN:51,terminalMigrationAllowed
FN:59,controllerMigrationAllowed
FN:67,shouldHoldFees
FN:71,shouldUseLocalBalanceForRedemptions
FN:79,useDataSourceForPay
FN:83,useDataSourceForRedeem
FN:91,dataSource
FN:107,packFundingCycleMetadata
FNF:17
FNH:0
FNDA:0,reservedRate
FNDA:0,redemptionRate
FNDA:0,ballotRedemptionRate
FNDA:0,payPaused
FNDA:0,distributionsPaused
FNDA:0,redeemPaused
FNDA:0,mintPaused
FNDA:0,burnPaused
FNDA:0,changeTokenAllowed
FNDA:0,terminalMigrationAllowed
FNDA:0,controllerMigrationAllowed
FNDA:0,shouldHoldFees
FNDA:0,shouldUseLocalBalanceForRedemptions
FNDA:0,useDataSourceForPay
FNDA:0,useDataSourceForRedeem
FNDA:0,dataSource
FNDA:0,packFundingCycleMetadata
DA:10,0
DA:15,0
DA:24,0
DA:28,0
DA:32,0
DA:36,0
DA:40,0
DA:44,0
DA:48,0
DA:56,0
DA:64,0
DA:68,0
DA:76,0
DA:80,0
DA:88,0
DA:96,0
DA:113,0
DA:115,0
DA:118,0
DA:121,0
DA:123,0
DA:125,0
DA:127,0
DA:129,0
DA:131,0
DA:133,0
DA:135,0
DA:137,0
DA:139,0
DA:141,0
DA:143,0
DA:145,0
DA:147,0
LF:33
LH:0
BRF:0
BRH:0
end_of_record
TN:
SF:/Users/teddywilson/Dev/juice/juice-contracts-v2/contracts/libraries/JBOperations.sol
FNF:0
FNH:0
LF:0
LH:0
BRF:0
BRH:0
end_of_record
TN:
SF:/Users/teddywilson/Dev/juice/juice-contracts-v2/contracts/libraries/JBSplitsGroups.sol
FNF:0
FNH:0
LF:0
LH:0
BRF:0
BRH:0
end_of_record
TN:
SF:/Users/teddywilson/Dev/juice/juice-contracts-v2/contracts/structs/JBDidPayData.sol
FNF:0
FNH:0
LF:0
LH:0
BRF:0
BRH:0
end_of_record
TN:
SF:/Users/teddywilson/Dev/juice/juice-contracts-v2/contracts/structs/JBDidRedeemData.sol
FNF:0
FNH:0
LF:0
LH:0
BRF:0
BRH:0
end_of_record
TN:
SF:/Users/teddywilson/Dev/juice/juice-contracts-v2/contracts/structs/JBFee.sol
FNF:0
FNH:0
LF:0
LH:0
BRF:0
BRH:0
end_of_record
TN:
SF:/Users/teddywilson/Dev/juice/juice-contracts-v2/contracts/structs/JBFundAccessConstraints.sol
FNF:0
FNH:0
LF:0
LH:0
BRF:0
BRH:0
end_of_record
TN:
SF:/Users/teddywilson/Dev/juice/juice-contracts-v2/contracts/structs/JBFundingCycle.sol
FNF:0
FNH:0
LF:0
LH:0
BRF:0
BRH:0
end_of_record
TN:
SF:/Users/teddywilson/Dev/juice/juice-contracts-v2/contracts/structs/JBFundingCycleData.sol
FNF:0
FNH:0
LF:0
LH:0
BRF:0
BRH:0
end_of_record
TN:
SF:/Users/teddywilson/Dev/juice/juice-contracts-v2/contracts/structs/JBFundingCycleMetadata.sol
FNF:0
FNH:0
LF:0
LH:0
BRF:0
BRH:0
end_of_record
TN:
SF:/Users/teddywilson/Dev/juice/juice-contracts-v2/contracts/structs/JBGroupedSplits.sol
FNF:0
FNH:0
LF:0
LH:0
BRF:0
BRH:0
end_of_record
TN:
SF:/Users/teddywilson/Dev/juice/juice-contracts-v2/contracts/structs/JBOperatorData.sol
FNF:0
FNH:0
LF:0
LH:0
BRF:0
BRH:0
end_of_record
TN:
SF:/Users/teddywilson/Dev/juice/juice-contracts-v2/contracts/structs/JBPayParamsData.sol
FNF:0
FNH:0
LF:0
LH:0
BRF:0
BRH:0
end_of_record
TN:
SF:/Users/teddywilson/Dev/juice/juice-contracts-v2/contracts/structs/JBRedeemParamsData.sol
FNF:0
FNH:0
LF:0
LH:0
BRF:0
BRH:0
end_of_record
TN:
SF:/Users/teddywilson/Dev/juice/juice-contracts-v2/contracts/structs/JBSplit.sol
FNF:0
FNH:0
LF:0
LH:0
BRF:0
BRH:0
end_of_record
